2025-06-21 17:28:21 [DEBUG] Using selector: EpollSelector
2025-06-21 17:28:37 [INFO] Initializing client with provided session string
2025-06-21 17:28:37 [INFO] Connecting to 149.154.167.92:443/TcpFull...
2025-06-21 17:28:37 [DEBUG] Connection attempt 1...
2025-06-21 17:28:37 [DEBUG] Connection success!
2025-06-21 17:28:37 [DEBUG] Starting send loop
2025-06-21 17:28:37 [DEBUG] Starting receive loop
2025-06-21 17:28:37 [INFO] Connection to 149.154.167.92:443/TcpFull complete!
2025-06-21 17:28:37 [DEBUG] Waiting for messages to send...
2025-06-21 17:28:37 [DEBUG] Assigned msg_id = 7518440399093871732 to InvokeWithLayerRequest (7cb33a6ed0)
2025-06-21 17:28:37 [DEBUG] Encrypting 1 message(s) in 76 bytes for sending
2025-06-21 17:28:37 [DEBUG] Encrypted messages put in a queue to be sent
2025-06-21 17:28:37 [DEBUG] Waiting for messages to send...
2025-06-21 17:28:37 [DEBUG] Receiving items from the network...
2025-06-21 17:28:37 [DEBUG] Handling bad salt for message 7518440399093871732
2025-06-21 17:28:37 [DEBUG] 1 message(s) will be resent
2025-06-21 17:28:37 [DEBUG] Receiving items from the network...
2025-06-21 17:28:37 [DEBUG] Assigned msg_id = 7518440399760553020 to InvokeWithLayerRequest (7cb33a6ed0)
2025-06-21 17:28:37 [DEBUG] Encrypting 1 message(s) in 76 bytes for sending
2025-06-21 17:28:37 [DEBUG] Encrypted messages put in a queue to be sent
2025-06-21 17:28:37 [DEBUG] Waiting for messages to send...
2025-06-21 17:28:37 [DEBUG] Assigned msg_id = 7518440399774108548 to MsgsAck (7cb33a6fc0)
2025-06-21 17:28:37 [DEBUG] Encrypting 1 message(s) in 36 bytes for sending
2025-06-21 17:28:37 [DEBUG] Encrypted messages put in a queue to be sent
2025-06-21 17:28:37 [DEBUG] Waiting for messages to send...
2025-06-21 17:28:37 [DEBUG] Handling container
2025-06-21 17:28:37 [DEBUG] Handling new session created
2025-06-21 17:28:37 [DEBUG] Handling acknowledge for [7518440399760553020]
2025-06-21 17:28:37 [DEBUG] Receiving items from the network...
2025-06-21 17:28:37 [DEBUG] Handling RPC result for message 7518440399760553020
2025-06-21 17:28:37 [DEBUG] Receiving items from the network...
2025-06-21 17:28:37 [DEBUG] Assigned msg_id = 7518440400521028180 to GetUsersRequest (7cb33a7bc0)
2025-06-21 17:28:37 [DEBUG] Encrypting 1 message(s) in 32 bytes for sending
2025-06-21 17:28:37 [DEBUG] Encrypted messages put in a queue to be sent
2025-06-21 17:28:37 [DEBUG] Waiting for messages to send...
2025-06-21 17:28:37 [DEBUG] Assigned msg_id = 7518440400534819264 to MsgsAck (7cb627b8c0)
2025-06-21 17:28:37 [DEBUG] Encrypting 1 message(s) in 60 bytes for sending
2025-06-21 17:28:37 [DEBUG] Encrypted messages put in a queue to be sent
2025-06-21 17:28:37 [DEBUG] Waiting for messages to send...
2025-06-21 17:28:37 [DEBUG] Handling RPC result for message 7518440400521028180
2025-06-21 17:28:37 [DEBUG] Receiving items from the network...
2025-06-21 17:28:37 [DEBUG] Assigned msg_id = 7518440401313299792 to GetStateRequest (7cb33a7bc0)
2025-06-21 17:28:37 [DEBUG] Encrypting 1 message(s) in 20 bytes for sending
2025-06-21 17:28:37 [DEBUG] Encrypted messages put in a queue to be sent
2025-06-21 17:28:37 [DEBUG] Waiting for messages to send...
2025-06-21 17:28:37 [DEBUG] Assigned msg_id = 7518440401327956812 to MsgsAck (7cb33a7aa0)
2025-06-21 17:28:37 [DEBUG] Encrypting 1 message(s) in 36 bytes for sending
2025-06-21 17:28:37 [DEBUG] Encrypted messages put in a queue to be sent
2025-06-21 17:28:37 [DEBUG] Waiting for messages to send...
2025-06-21 17:28:38 [DEBUG] Handling RPC result for message 7518440401313299792
2025-06-21 17:28:38 [DEBUG] Receiving items from the network...
2025-06-21 17:28:38 [DEBUG] Assigned msg_id = 7518440402275352736 to GetDifferenceRequest (7cb33a7bc0)
2025-06-21 17:28:38 [DEBUG] Encrypting 1 message(s) in 36 bytes for sending
2025-06-21 17:28:38 [DEBUG] Encrypted messages put in a queue to be sent
2025-06-21 17:28:38 [DEBUG] Waiting for messages to send...
2025-06-21 17:28:38 [DEBUG] Assigned msg_id = 7518440402292243264 to MsgsAck (7cb450db80)
2025-06-21 17:28:38 [DEBUG] Encrypting 1 message(s) in 36 bytes for sending
2025-06-21 17:28:38 [DEBUG] Encrypted messages put in a queue to be sent
2025-06-21 17:28:38 [DEBUG] Waiting for messages to send...
2025-06-21 17:28:38 [DEBUG] Handling RPC result for message 7518440402275352736
2025-06-21 17:28:38 [DEBUG] Receiving items from the network...
2025-06-21 17:28:38 [DEBUG] Assigned msg_id = 7518440402957864068 to GetUsersRequest (7cb33a7ad0)
2025-06-21 17:28:38 [DEBUG] Encrypting 1 message(s) in 32 bytes for sending
2025-06-21 17:28:38 [DEBUG] Encrypted messages put in a queue to be sent
2025-06-21 17:28:38 [DEBUG] Waiting for messages to send...
2025-06-21 17:28:38 [DEBUG] Assigned msg_id = 7518440402975101728 to MsgsAck (7cb33a7860)
2025-06-21 17:28:38 [DEBUG] Encrypting 1 message(s) in 36 bytes for sending
2025-06-21 17:28:38 [DEBUG] Encrypted messages put in a queue to be sent
2025-06-21 17:28:38 [DEBUG] Waiting for messages to send...
2025-06-21 17:28:38 [DEBUG] Handling RPC result for message 7518440402957864068
2025-06-21 17:28:38 [DEBUG] Receiving items from the network...
2025-06-21 17:28:38 [DEBUG] Assigned msg_id = 7518440403577406188 to GetUsersRequest (7cb33a7bc0)
2025-06-21 17:28:38 [DEBUG] Encrypting 1 message(s) in 32 bytes for sending
2025-06-21 17:28:38 [DEBUG] Encrypted messages put in a queue to be sent
2025-06-21 17:28:38 [DEBUG] Waiting for messages to send...
2025-06-21 17:28:38 [DEBUG] Assigned msg_id = 7518440403591057084 to MsgsAck (7cb33a7f50)
2025-06-21 17:28:38 [DEBUG] Encrypting 1 message(s) in 36 bytes for sending
2025-06-21 17:28:38 [DEBUG] Encrypted messages put in a queue to be sent
2025-06-21 17:28:38 [DEBUG] Waiting for messages to send...
2025-06-21 17:28:38 [DEBUG] Handling RPC result for message 7518440403577406188
2025-06-21 17:28:38 [DEBUG] Receiving items from the network...
2025-06-21 17:28:38 [INFO] Successfully connected as UnknownWeb🐾 (@UNKNOWN2226)
2025-06-21 17:28:38 [INFO] Starting monitoring loop
2025-06-21 17:28:38 [INFO] Checking for available tasks
2025-06-21 17:28:38 [INFO] Starting navigation to tasks
2025-06-21 17:28:38 [ERROR] Navigation error: name 'TARGET_BOT' is not defined
2025-06-21 17:28:38 [WARNING] Failed to navigate to tasks
2025-06-21 17:28:38 [DEBUG] Current tasks: 0, Last tasks: 0
2025-06-21 17:28:38 [DEBUG] Waiting 120 seconds for next check
2025-06-21 17:28:49 [DEBUG] Handling container
2025-06-21 17:28:49 [DEBUG] Handling update UpdateShort
2025-06-21 17:28:49 [DEBUG] Handling update Updates
2025-06-21 17:28:49 [DEBUG] Receiving items from the network...
2025-06-21 17:28:49 [DEBUG] Handling update Updates
2025-06-21 17:28:49 [DEBUG] Receiving items from the network...
2025-06-21 17:28:49 [DEBUG] Handling update Updates
2025-06-21 17:28:49 [DEBUG] Receiving items from the network...
2025-06-21 17:28:49 [DEBUG] Handling update Updates
2025-06-21 17:28:49 [DEBUG] Receiving items from the network...
2025-06-21 17:28:49 [DEBUG] Handling update Updates
2025-06-21 17:28:49 [DEBUG] Receiving items from the network...
2025-06-21 17:28:49 [DEBUG] Handling update Updates
2025-06-21 17:28:49 [DEBUG] Receiving items from the network...
2025-06-21 17:28:49 [DEBUG] Handling update Updates
2025-06-21 17:28:49 [DEBUG] Receiving items from the network...
2025-06-21 17:28:49 [DEBUG] Handling update Updates
2025-06-21 17:28:49 [DEBUG] Receiving items from the network...
2025-06-21 17:28:49 [DEBUG] Handling update Updates
2025-06-21 17:28:49 [DEBUG] Receiving items from the network...
2025-06-21 17:28:49 [DEBUG] Handling update Updates
2025-06-21 17:28:49 [DEBUG] Receiving items from the network...
2025-06-21 17:28:49 [DEBUG] Handling update Updates
2025-06-21 17:28:49 [DEBUG] Receiving items from the network...
2025-06-21 17:28:49 [DEBUG] Handling update UpdateShort
2025-06-21 17:28:49 [DEBUG] Receiving items from the network...
2025-06-21 17:28:51 [DEBUG] Handling update UpdateShort
2025-06-21 17:28:51 [DEBUG] Receiving items from the network...
2025-06-21 17:28:51 [DEBUG] Handling update Updates
2025-06-21 17:28:51 [DEBUG] Receiving items from the network...
2025-06-21 17:28:53 [DEBUG] Handling update UpdateShort
2025-06-21 17:28:53 [DEBUG] Receiving items from the network...
2025-06-21 17:28:59 [DEBUG] Handling container
2025-06-21 17:28:59 [DEBUG] Handling update UpdateShort
2025-06-21 17:28:59 [DEBUG] Handling update Updates
2025-06-21 17:28:59 [DEBUG] Receiving items from the network...
2025-06-21 17:29:04 [DEBUG] Handling update UpdateShort
2025-06-21 17:29:04 [DEBUG] Receiving items from the network...
2025-06-21 17:29:07 [DEBUG] Handling update UpdateShort
2025-06-21 17:29:07 [DEBUG] Receiving items from the network...
2025-06-21 17:29:08 [DEBUG] Handling update UpdateShort
2025-06-21 17:29:08 [DEBUG] Receiving items from the network...
2025-06-21 17:29:09 [DEBUG] Handling update UpdateShort
2025-06-21 17:29:09 [DEBUG] Receiving items from the network...
2025-06-21 17:29:09 [DEBUG] Handling update UpdateShort
2025-06-21 17:29:09 [DEBUG] Receiving items from the network...
2025-06-21 17:29:24 [DEBUG] Handling update Updates
2025-06-21 17:29:24 [DEBUG] Receiving items from the network...
2025-06-21 17:29:24 [DEBUG] Handling container
2025-06-21 17:29:24 [DEBUG] Handling update Updates
2025-06-21 17:29:24 [DEBUG] Handling update UpdateShort
2025-06-21 17:29:24 [DEBUG] Receiving items from the network...
2025-06-21 17:29:24 [DEBUG] Handling update Updates
2025-06-21 17:29:24 [DEBUG] Receiving items from the network...
2025-06-21 17:29:24 [DEBUG] Handling update Updates
2025-06-21 17:29:24 [DEBUG] Receiving items from the network...
2025-06-21 17:29:24 [DEBUG] Handling update Updates
2025-06-21 17:29:24 [DEBUG] Receiving items from the network...
2025-06-21 17:29:24 [DEBUG] Handling update Updates
2025-06-21 17:29:24 [DEBUG] Receiving items from the network...
2025-06-21 17:29:24 [DEBUG] Handling update Updates
2025-06-21 17:29:24 [DEBUG] Receiving items from the network...
2025-06-21 17:29:24 [DEBUG] Handling update Updates
2025-06-21 17:29:24 [DEBUG] Receiving items from the network...
2025-06-21 17:29:24 [DEBUG] Handling update UpdateShort
2025-06-21 17:29:24 [DEBUG] Receiving items from the network...
2025-06-21 17:29:25 [DEBUG] Timeout waiting for updates expired
2025-06-21 17:29:38 [DEBUG] Handling container
2025-06-21 17:29:38 [DEBUG] Handling update UpdateShort
2025-06-21 17:29:38 [DEBUG] Handling update Updates
2025-06-21 17:29:38 [DEBUG] Handling update UpdateShort
2025-06-21 17:29:38 [DEBUG] Receiving items from the network...
2025-06-21 17:29:38 [DEBUG] Handling update Updates
2025-06-21 17:29:38 [DEBUG] Receiving items from the network...
2025-06-21 17:29:38 [DEBUG] Handling update Updates
2025-06-21 17:29:38 [DEBUG] Receiving items from the network...
2025-06-21 17:29:38 [DEBUG] Handling update Updates
2025-06-21 17:29:38 [DEBUG] Receiving items from the network...
2025-06-21 17:29:38 [DEBUG] Handling update Updates
2025-06-21 17:29:38 [DEBUG] Receiving items from the network...
2025-06-21 17:29:38 [DEBUG] Handling update Updates
2025-06-21 17:29:38 [DEBUG] Receiving items from the network...
2025-06-21 17:29:38 [DEBUG] Handling update Updates
2025-06-21 17:29:38 [DEBUG] Receiving items from the network...
2025-06-21 17:29:38 [DEBUG] Assigned msg_id = 7518440660669867432 to PingRequest (7cb33a7b30)
2025-06-21 17:29:38 [DEBUG] Encrypting 1 message(s) in 28 bytes for sending
2025-06-21 17:29:38 [DEBUG] Encrypted messages put in a queue to be sent
2025-06-21 17:29:38 [DEBUG] Waiting for messages to send...
2025-06-21 17:29:38 [DEBUG] Assigned msg_id = 7518440660685292160 to MsgsAck (7cb33cb110)
2025-06-21 17:29:38 [DEBUG] Encrypting 1 message(s) in 404 bytes for sending
2025-06-21 17:29:38 [DEBUG] Encrypted messages put in a queue to be sent
2025-06-21 17:29:38 [DEBUG] Waiting for messages to send...
2025-06-21 17:29:38 [DEBUG] Handling pong for message 7518440660669867432
2025-06-21 17:29:38 [DEBUG] Receiving items from the network...
2025-06-21 17:29:39 [DEBUG] Handling update UpdateShort
2025-06-21 17:29:39 [DEBUG] Receiving items from the network...
2025-06-21 17:29:39 [DEBUG] Handling update Updates
2025-06-21 17:29:39 [DEBUG] Receiving items from the network...
2025-06-21 17:29:39 [DEBUG] Handling update Updates
2025-06-21 17:29:39 [DEBUG] Receiving items from the network...
2025-06-21 17:29:41 [DEBUG] Handling update UpdateShort
2025-06-21 17:29:41 [DEBUG] Receiving items from the network...
2025-06-21 17:29:41 [DEBUG] Handling update Updates
2025-06-21 17:29:41 [DEBUG] Receiving items from the network...
2025-06-21 17:29:41 [DEBUG] Handling update Updates
2025-06-21 17:29:41 [DEBUG] Receiving items from the network...
2025-06-21 17:30:24 [DEBUG] Handling container
2025-06-21 17:30:24 [DEBUG] Handling update UpdateShort
2025-06-21 17:30:24 [DEBUG] Handling update Updates
2025-06-21 17:30:24 [DEBUG] Receiving items from the network...
2025-06-21 17:30:24 [DEBUG] Handling update Updates
2025-06-21 17:30:24 [DEBUG] Receiving items from the network...
2025-06-21 17:30:24 [DEBUG] Handling update Updates
2025-06-21 17:30:24 [DEBUG] Receiving items from the network...
2025-06-21 17:30:24 [DEBUG] Handling update Updates
2025-06-21 17:30:24 [DEBUG] Receiving items from the network...
2025-06-21 17:30:24 [DEBUG] Handling container
2025-06-21 17:30:24 [DEBUG] Handling update UpdateShort
2025-06-21 17:30:24 [DEBUG] Handling update Updates
2025-06-21 17:30:24 [DEBUG] Handling update UpdateShort
2025-06-21 17:30:24 [DEBUG] Receiving items from the network...
2025-06-21 17:30:24 [DEBUG] Handling update Updates
2025-06-21 17:30:24 [DEBUG] Receiving items from the network...
2025-06-21 17:30:24 [DEBUG] Handling container
2025-06-21 17:30:24 [DEBUG] Handling update Updates
2025-06-21 17:30:24 [DEBUG] Handling update UpdateShort
2025-06-21 17:30:24 [DEBUG] Receiving items from the network...
2025-06-21 17:30:24 [DEBUG] Handling container
2025-06-21 17:30:24 [DEBUG] Handling update Updates
2025-06-21 17:30:24 [DEBUG] Handling update UpdateShort
2025-06-21 17:30:24 [DEBUG] Handling update Updates
2025-06-21 17:30:24 [DEBUG] Receiving items from the network...
2025-06-21 17:30:24 [DEBUG] Handling update Updates
2025-06-21 17:30:24 [DEBUG] Receiving items from the network...
2025-06-21 17:30:24 [DEBUG] Handling update Updates
2025-06-21 17:30:24 [DEBUG] Receiving items from the network...
2025-06-21 17:30:25 [DEBUG] Timeout waiting for updates expired
2025-06-21 17:30:27 [DEBUG] Handling update UpdateShort
2025-06-21 17:30:27 [DEBUG] Receiving items from the network...
2025-06-21 17:30:34 [DEBUG] Handling update UpdateShort
2025-06-21 17:30:34 [DEBUG] Receiving items from the network...
2025-06-21 17:30:36 [DEBUG] Handling update UpdateShort
2025-06-21 17:30:36 [DEBUG] Receiving items from the network...
2025-06-21 17:30:36 [DEBUG] Handling update UpdateShort
2025-06-21 17:30:36 [DEBUG] Receiving items from the network...
2025-06-21 17:30:38 [DEBUG] Assigned msg_id = 7518440918386452252 to PingRequest (7cb3322180)
2025-06-21 17:30:38 [DEBUG] Encrypting 1 message(s) in 28 bytes for sending
2025-06-21 17:30:38 [DEBUG] Encrypted messages put in a queue to be sent
2025-06-21 17:30:38 [DEBUG] Waiting for messages to send...
2025-06-21 17:30:38 [DEBUG] Assigned msg_id = 7518440918398483808 to MsgsAck (7cb33ca7e0)
2025-06-21 17:30:38 [DEBUG] Encrypting 1 message(s) in 276 bytes for sending
2025-06-21 17:30:38 [DEBUG] Encrypted messages put in a queue to be sent
2025-06-21 17:30:38 [DEBUG] Waiting for messages to send...
2025-06-21 17:30:38 [DEBUG] Handling container
2025-06-21 17:30:38 [DEBUG] Handling pong for message 7518440918386452252
2025-06-21 17:30:38 [DEBUG] Handling update Updates
2025-06-21 17:30:38 [DEBUG] Receiving items from the network...
2025-06-21 17:30:38 [DEBUG] Handling update Updates
2025-06-21 17:30:38 [DEBUG] Receiving items from the network...
2025-06-21 17:30:38 [INFO] Checking for available tasks
2025-06-21 17:30:38 [INFO] Starting navigation to tasks
2025-06-21 17:30:38 [ERROR] Navigation error: name 'TARGET_BOT' is not defined
2025-06-21 17:30:38 [WARNING] Failed to navigate to tasks
2025-06-21 17:30:38 [DEBUG] Current tasks: 0, Last tasks: 0
2025-06-21 17:30:38 [DEBUG] Waiting 120 seconds for next check
2025-06-21 17:30:38 [DEBUG] Timeout waiting for updates expired
2025-06-21 17:30:39 [DEBUG] Handling update UpdateShort
2025-06-21 17:30:39 [DEBUG] Receiving items from the network...
2025-06-21 17:30:39 [DEBUG] Handling gzipped data
2025-06-21 17:30:39 [DEBUG] Handling update Updates
2025-06-21 17:30:39 [DEBUG] Receiving items from the network...
2025-06-21 17:30:40 [INFO] Disconnecting from 149.154.167.92:443/TcpFull...
2025-06-21 17:30:40 [DEBUG] Closing current connection...
2025-06-21 17:30:40 [DEBUG] Cancelling 0 pending message(s)...
2025-06-21 17:30:40 [INFO] Disconnection from 149.154.167.92:443/TcpFull complete!
2025-06-21 17:30:40 [INFO] Client disconnected
2025-06-21 17:30:40 [INFO] Bot stopped by user
2025-06-21 17:30:52 [DEBUG] Using selector: EpollSelector
2025-06-21 17:32:14 [INFO] Initializing client with provided session string
2025-06-21 17:32:14 [INFO] Connecting to 149.154.167.92:443/TcpFull...
2025-06-21 17:32:14 [DEBUG] Connection attempt 1...
2025-06-21 17:32:15 [DEBUG] Connection success!
2025-06-21 17:32:15 [DEBUG] Starting send loop
2025-06-21 17:32:15 [DEBUG] Starting receive loop
2025-06-21 17:32:15 [INFO] Connection to 149.154.167.92:443/TcpFull complete!
2025-06-21 17:32:15 [DEBUG] Waiting for messages to send...
2025-06-21 17:32:15 [DEBUG] Assigned msg_id = 7518441333879419720 to InvokeWithLayerRequest (7dd8c4b1d0)
2025-06-21 17:32:15 [DEBUG] Encrypting 1 message(s) in 76 bytes for sending
2025-06-21 17:32:15 [DEBUG] Encrypted messages put in a queue to be sent
2025-06-21 17:32:15 [DEBUG] Waiting for messages to send...
2025-06-21 17:32:15 [DEBUG] Receiving items from the network...
2025-06-21 17:32:15 [DEBUG] Handling bad salt for message 7518441333879419720
2025-06-21 17:32:15 [DEBUG] 1 message(s) will be resent
2025-06-21 17:32:15 [DEBUG] Receiving items from the network...
2025-06-21 17:32:15 [DEBUG] Assigned msg_id = 7518441334475756084 to InvokeWithLayerRequest (7dd8c4b1d0)
2025-06-21 17:32:15 [DEBUG] Encrypting 1 message(s) in 76 bytes for sending
2025-06-21 17:32:15 [DEBUG] Encrypted messages put in a queue to be sent
2025-06-21 17:32:15 [DEBUG] Waiting for messages to send...
2025-06-21 17:32:15 [DEBUG] Assigned msg_id = 7518441334489301120 to MsgsAck (7dd8c2a6c0)
2025-06-21 17:32:15 [DEBUG] Encrypting 1 message(s) in 36 bytes for sending
2025-06-21 17:32:15 [DEBUG] Encrypted messages put in a queue to be sent
2025-06-21 17:32:15 [DEBUG] Waiting for messages to send...
2025-06-21 17:32:15 [DEBUG] Handling container
2025-06-21 17:32:15 [DEBUG] Handling new session created
2025-06-21 17:32:15 [DEBUG] Handling acknowledge for [7518441334475756084]
2025-06-21 17:32:15 [DEBUG] Receiving items from the network...
2025-06-21 17:32:15 [DEBUG] Handling RPC result for message 7518441334475756084
2025-06-21 17:32:15 [DEBUG] Receiving items from the network...
2025-06-21 17:32:15 [DEBUG] Assigned msg_id = 7518441335112290772 to GetUsersRequest (7dd8c4b7a0)
2025-06-21 17:32:15 [DEBUG] Encrypting 1 message(s) in 32 bytes for sending
2025-06-21 17:32:15 [DEBUG] Encrypted messages put in a queue to be sent
2025-06-21 17:32:15 [DEBUG] Waiting for messages to send...
2025-06-21 17:32:15 [DEBUG] Assigned msg_id = 7518441335125147256 to MsgsAck (7dd8edc560)
2025-06-21 17:32:15 [DEBUG] Encrypting 1 message(s) in 60 bytes for sending
2025-06-21 17:32:15 [DEBUG] Encrypted messages put in a queue to be sent
2025-06-21 17:32:15 [DEBUG] Waiting for messages to send...
2025-06-21 17:32:15 [DEBUG] Handling RPC result for message 7518441335112290772
2025-06-21 17:32:15 [DEBUG] Receiving items from the network...
2025-06-21 17:32:15 [DEBUG] Assigned msg_id = 7518441335876338396 to GetStateRequest (7dd9052360)
2025-06-21 17:32:15 [DEBUG] Encrypting 1 message(s) in 20 bytes for sending
2025-06-21 17:32:15 [DEBUG] Encrypted messages put in a queue to be sent
2025-06-21 17:32:15 [DEBUG] Waiting for messages to send...
2025-06-21 17:32:15 [DEBUG] Assigned msg_id = 7518441335890417492 to MsgsAck (7dd8c2a780)
2025-06-21 17:32:15 [DEBUG] Encrypting 1 message(s) in 36 bytes for sending
2025-06-21 17:32:15 [DEBUG] Encrypted messages put in a queue to be sent
2025-06-21 17:32:15 [DEBUG] Waiting for messages to send...
2025-06-21 17:32:15 [DEBUG] Handling RPC result for message 7518441335876338396
2025-06-21 17:32:15 [DEBUG] Receiving items from the network...
2025-06-21 17:32:15 [DEBUG] Assigned msg_id = 7518441336477281008 to GetDifferenceRequest (7dd9052360)
2025-06-21 17:32:15 [DEBUG] Encrypting 1 message(s) in 36 bytes for sending
2025-06-21 17:32:15 [DEBUG] Encrypted messages put in a queue to be sent
2025-06-21 17:32:15 [DEBUG] Waiting for messages to send...
2025-06-21 17:32:15 [DEBUG] Assigned msg_id = 7518441336491176044 to MsgsAck (7ddbfee390)
2025-06-21 17:32:15 [DEBUG] Encrypting 1 message(s) in 36 bytes for sending
2025-06-21 17:32:15 [DEBUG] Encrypted messages put in a queue to be sent
2025-06-21 17:32:15 [DEBUG] Waiting for messages to send...
2025-06-21 17:32:15 [DEBUG] Handling RPC result for message 7518441336477281008
2025-06-21 17:32:15 [DEBUG] Receiving items from the network...
2025-06-21 17:32:15 [DEBUG] Assigned msg_id = 7518441337081478512 to GetUsersRequest (7dd8c4bdd0)
2025-06-21 17:32:15 [DEBUG] Encrypting 1 message(s) in 32 bytes for sending
2025-06-21 17:32:15 [DEBUG] Encrypted messages put in a queue to be sent
2025-06-21 17:32:15 [DEBUG] Waiting for messages to send...
2025-06-21 17:32:15 [DEBUG] Assigned msg_id = 7518441337095839892 to MsgsAck (7dd8c4bd10)
2025-06-21 17:32:15 [DEBUG] Encrypting 1 message(s) in 36 bytes for sending
2025-06-21 17:32:15 [DEBUG] Encrypted messages put in a queue to be sent
2025-06-21 17:32:15 [DEBUG] Waiting for messages to send...
2025-06-21 17:32:15 [DEBUG] Handling update UpdateShort
2025-06-21 17:32:15 [DEBUG] Receiving items from the network...
2025-06-21 17:32:15 [DEBUG] Handling RPC result for message 7518441337081478512
2025-06-21 17:32:15 [DEBUG] Receiving items from the network...
2025-06-21 17:32:16 [DEBUG] Assigned msg_id = 7518441338000844036 to GetUsersRequest (7dd8c4bdd0)
2025-06-21 17:32:16 [DEBUG] Encrypting 1 message(s) in 32 bytes for sending
2025-06-21 17:32:16 [DEBUG] Encrypted messages put in a queue to be sent
2025-06-21 17:32:16 [DEBUG] Waiting for messages to send...
2025-06-21 17:32:16 [DEBUG] Assigned msg_id = 7518441338015749968 to MsgsAck (7ddbfee360)
2025-06-21 17:32:16 [DEBUG] Encrypting 1 message(s) in 44 bytes for sending
2025-06-21 17:32:16 [DEBUG] Encrypted messages put in a queue to be sent
2025-06-21 17:32:16 [DEBUG] Waiting for messages to send...
2025-06-21 17:32:16 [DEBUG] Handling RPC result for message 7518441338000844036
2025-06-21 17:32:16 [DEBUG] Receiving items from the network...
2025-06-21 17:32:16 [INFO] Successfully connected as DARLINGTON♊ (@Darlington_W4)
2025-06-21 17:32:16 [INFO] Starting monitoring loop
2025-06-21 17:32:16 [INFO] Checking for available tasks
2025-06-21 17:32:16 [INFO] Starting navigation to tasks
2025-06-21 17:32:16 [ERROR] Navigation error: name 'TARGET_BOT' is not defined
2025-06-21 17:32:16 [WARNING] Failed to navigate to tasks
2025-06-21 17:32:16 [DEBUG] Current tasks: 0, Last tasks: 0
2025-06-21 17:32:16 [DEBUG] Waiting 120 seconds for next check
2025-06-21 17:32:18 [DEBUG] Handling update UpdateShort
2025-06-21 17:32:18 [DEBUG] Receiving items from the network...
2025-06-21 17:32:18 [DEBUG] Handling update Updates
2025-06-21 17:32:18 [DEBUG] Receiving items from the network...
2025-06-21 17:32:19 [DEBUG] Handling update UpdateShort
2025-06-21 17:32:19 [DEBUG] Receiving items from the network...
2025-06-21 17:32:22 [DEBUG] Handling container
2025-06-21 17:32:22 [DEBUG] Handling update UpdateShort
2025-06-21 17:32:22 [DEBUG] Handling update Updates
2025-06-21 17:32:22 [DEBUG] Receiving items from the network...
2025-06-21 17:32:24 [DEBUG] Handling update UpdateShort
2025-06-21 17:32:24 [DEBUG] Receiving items from the network...
2025-06-21 17:32:24 [DEBUG] Handling update UpdateShort
2025-06-21 17:32:24 [DEBUG] Receiving items from the network...
2025-06-21 17:32:24 [DEBUG] Handling update UpdateShort
2025-06-21 17:32:24 [DEBUG] Receiving items from the network...
2025-06-21 17:32:26 [DEBUG] Handling update UpdateShort
2025-06-21 17:32:26 [DEBUG] Receiving items from the network...
2025-06-21 17:32:26 [DEBUG] Handling update Updates
2025-06-21 17:32:26 [DEBUG] Receiving items from the network...
2025-06-21 17:32:27 [DEBUG] Handling update UpdateShort
2025-06-21 17:32:27 [DEBUG] Receiving items from the network...
2025-06-21 17:32:27 [DEBUG] Handling update Updates
2025-06-21 17:32:27 [DEBUG] Receiving items from the network...
2025-06-21 17:32:27 [DEBUG] Handling update UpdateShort
2025-06-21 17:32:27 [DEBUG] Receiving items from the network...
2025-06-21 17:32:27 [DEBUG] Handling update UpdateShort
2025-06-21 17:32:27 [DEBUG] Receiving items from the network...
2025-06-21 17:32:29 [DEBUG] Handling container
2025-06-21 17:32:29 [DEBUG] Handling update Updates
2025-06-21 17:32:29 [DEBUG] Handling update Updates
2025-06-21 17:32:29 [DEBUG] Handling update UpdateShort
2025-06-21 17:32:29 [DEBUG] Receiving items from the network...
2025-06-21 17:32:29 [DEBUG] Handling update Updates
2025-06-21 17:32:29 [DEBUG] Receiving items from the network...
2025-06-21 17:32:29 [DEBUG] Handling update Updates
2025-06-21 17:32:30 [DEBUG] Receiving items from the network...
2025-06-21 17:32:30 [DEBUG] Handling update UpdateShort
2025-06-21 17:32:30 [DEBUG] Receiving items from the network...
2025-06-21 17:32:30 [INFO] Disconnecting from 149.154.167.92:443/TcpFull...
2025-06-21 17:32:30 [DEBUG] Closing current connection...
2025-06-21 17:32:30 [DEBUG] Cancelling 0 pending message(s)...
2025-06-21 17:32:30 [INFO] Disconnection from 149.154.167.92:443/TcpFull complete!
2025-06-21 17:32:30 [INFO] Client disconnected
2025-06-21 17:32:30 [INFO] Bot stopped by user
2025-06-21 17:33:43 [DEBUG] Using selector: EpollSelector
2025-06-21 17:33:43 [ERROR] No session string provided
2025-06-21 17:33:56 [DEBUG] Using selector: EpollSelector
2025-06-21 17:33:57 [INFO] Initializing client with provided session string
2025-06-21 17:33:57 [INFO] Connecting to 149.154.167.92:443/TcpFull...
2025-06-21 17:33:57 [DEBUG] Connection attempt 1...
2025-06-21 17:33:57 [DEBUG] Connection success!
2025-06-21 17:33:57 [DEBUG] Starting send loop
2025-06-21 17:33:57 [DEBUG] Starting receive loop
2025-06-21 17:33:57 [INFO] Connection to 149.154.167.92:443/TcpFull complete!
2025-06-21 17:33:57 [DEBUG] Waiting for messages to send...
2025-06-21 17:33:57 [DEBUG] Assigned msg_id = 7518441775478752520 to InvokeWithLayerRequest (7562f1a9c0)
2025-06-21 17:33:57 [DEBUG] Encrypting 1 message(s) in 76 bytes for sending
2025-06-21 17:33:57 [DEBUG] Encrypted messages put in a queue to be sent
2025-06-21 17:33:57 [DEBUG] Waiting for messages to send...
2025-06-21 17:33:57 [DEBUG] Receiving items from the network...
2025-06-21 17:33:58 [DEBUG] Handling bad salt for message 7518441775478752520
2025-06-21 17:33:58 [DEBUG] 1 message(s) will be resent
2025-06-21 17:33:58 [DEBUG] Receiving items from the network...
2025-06-21 17:33:58 [DEBUG] Assigned msg_id = 7518441776389621764 to InvokeWithLayerRequest (7562f1a9c0)
2025-06-21 17:33:58 [DEBUG] Encrypting 1 message(s) in 76 bytes for sending
2025-06-21 17:33:58 [DEBUG] Encrypted messages put in a queue to be sent
2025-06-21 17:33:58 [DEBUG] Waiting for messages to send...
2025-06-21 17:33:58 [DEBUG] Assigned msg_id = 7518441776404892948 to MsgsAck (7562f1afc0)
2025-06-21 17:33:58 [DEBUG] Encrypting 1 message(s) in 36 bytes for sending
2025-06-21 17:33:58 [DEBUG] Encrypted messages put in a queue to be sent
2025-06-21 17:33:58 [DEBUG] Waiting for messages to send...
2025-06-21 17:33:58 [DEBUG] Handling container
2025-06-21 17:33:58 [DEBUG] Handling new session created
2025-06-21 17:33:58 [DEBUG] Handling acknowledge for [7518441776389621764]
2025-06-21 17:33:58 [DEBUG] Receiving items from the network...
2025-06-21 17:33:58 [DEBUG] Handling RPC result for message 7518441776389621764
2025-06-21 17:33:58 [DEBUG] Receiving items from the network...
2025-06-21 17:33:58 [DEBUG] Assigned msg_id = 7518441777014834432 to GetUsersRequest (7562f1ba70)
2025-06-21 17:33:58 [DEBUG] Encrypting 1 message(s) in 32 bytes for sending
2025-06-21 17:33:58 [DEBUG] Encrypted messages put in a queue to be sent
2025-06-21 17:33:58 [DEBUG] Waiting for messages to send...
2025-06-21 17:33:58 [DEBUG] Assigned msg_id = 7518441777027973204 to MsgsAck (7563098620)
2025-06-21 17:33:58 [DEBUG] Encrypting 1 message(s) in 60 bytes for sending
2025-06-21 17:33:58 [DEBUG] Encrypted messages put in a queue to be sent
2025-06-21 17:33:58 [DEBUG] Waiting for messages to send...
2025-06-21 17:33:58 [DEBUG] Handling RPC result for message 7518441777014834432
2025-06-21 17:33:58 [DEBUG] Receiving items from the network...
2025-06-21 17:33:58 [DEBUG] Assigned msg_id = 7518441777707566288 to GetStateRequest (7562f1ba70)
2025-06-21 17:33:58 [DEBUG] Encrypting 1 message(s) in 20 bytes for sending
2025-06-21 17:33:58 [DEBUG] Encrypted messages put in a queue to be sent
2025-06-21 17:33:58 [DEBUG] Waiting for messages to send...
2025-06-21 17:33:58 [DEBUG] Assigned msg_id = 7518441777726174384 to MsgsAck (7562f1bcb0)
2025-06-21 17:33:58 [DEBUG] Encrypting 1 message(s) in 36 bytes for sending
2025-06-21 17:33:58 [DEBUG] Encrypted messages put in a queue to be sent
2025-06-21 17:33:58 [DEBUG] Waiting for messages to send...
2025-06-21 17:33:58 [DEBUG] Handling RPC result for message 7518441777707566288
2025-06-21 17:33:58 [DEBUG] Receiving items from the network...
2025-06-21 17:33:58 [DEBUG] Assigned msg_id = 7518441778330326108 to GetDifferenceRequest (7562f1ba70)
2025-06-21 17:33:58 [DEBUG] Encrypting 1 message(s) in 36 bytes for sending
2025-06-21 17:33:58 [DEBUG] Encrypted messages put in a queue to be sent
2025-06-21 17:33:58 [DEBUG] Waiting for messages to send...
2025-06-21 17:33:58 [DEBUG] Assigned msg_id = 7518441778348037748 to MsgsAck (7562f1be60)
2025-06-21 17:33:58 [DEBUG] Encrypting 1 message(s) in 36 bytes for sending
2025-06-21 17:33:58 [DEBUG] Encrypted messages put in a queue to be sent
2025-06-21 17:33:58 [DEBUG] Waiting for messages to send...
2025-06-21 17:33:58 [DEBUG] Handling RPC result for message 7518441778330326108
2025-06-21 17:33:58 [DEBUG] Receiving items from the network...
2025-06-21 17:33:58 [DEBUG] Assigned msg_id = 7518441778979644804 to GetUsersRequest (7562f1bce0)
2025-06-21 17:33:58 [DEBUG] Encrypting 1 message(s) in 32 bytes for sending
2025-06-21 17:33:58 [DEBUG] Encrypted messages put in a queue to be sent
2025-06-21 17:33:58 [DEBUG] Waiting for messages to send...
2025-06-21 17:33:58 [DEBUG] Assigned msg_id = 7518441778998472244 to MsgsAck (7562f1bc80)
2025-06-21 17:33:58 [DEBUG] Encrypting 1 message(s) in 36 bytes for sending
2025-06-21 17:33:58 [DEBUG] Encrypted messages put in a queue to be sent
2025-06-21 17:33:58 [DEBUG] Waiting for messages to send...
2025-06-21 17:33:58 [DEBUG] Handling RPC result for message 7518441778979644804
2025-06-21 17:33:58 [DEBUG] Receiving items from the network...
2025-06-21 17:33:58 [DEBUG] Assigned msg_id = 7518441779625374824 to GetUsersRequest (7562f1b950)
2025-06-21 17:33:58 [DEBUG] Encrypting 1 message(s) in 32 bytes for sending
2025-06-21 17:33:58 [DEBUG] Encrypted messages put in a queue to be sent
2025-06-21 17:33:58 [DEBUG] Waiting for messages to send...
2025-06-21 17:33:58 [DEBUG] Assigned msg_id = 7518441779640297920 to MsgsAck (7562f1bfb0)
2025-06-21 17:33:58 [DEBUG] Encrypting 1 message(s) in 36 bytes for sending
2025-06-21 17:33:58 [DEBUG] Encrypted messages put in a queue to be sent
2025-06-21 17:33:58 [DEBUG] Waiting for messages to send...
2025-06-21 17:33:59 [DEBUG] Handling RPC result for message 7518441779625374824
2025-06-21 17:33:59 [DEBUG] Receiving items from the network...
2025-06-21 17:33:59 [INFO] Successfully connected as DARLINGTON♊ (@Darlington_W4)
2025-06-21 17:33:59 [INFO] Starting monitoring loop
2025-06-21 17:33:59 [INFO] Checking for available tasks
2025-06-21 17:33:59 [INFO] Starting navigation to tasks
2025-06-21 17:33:59 [DEBUG] Assigned msg_id = 7518441780610182436 to ResolveUsernameRequest (7562f1bc50)
2025-06-21 17:33:59 [DEBUG] Encrypting 1 message(s) in 44 bytes for sending
2025-06-21 17:33:59 [DEBUG] Encrypted messages put in a queue to be sent
2025-06-21 17:33:59 [DEBUG] Waiting for messages to send...
2025-06-21 17:33:59 [DEBUG] Assigned msg_id = 7518441780625202804 to MsgsAck (7562f1bda0)
2025-06-21 17:33:59 [DEBUG] Encrypting 1 message(s) in 36 bytes for sending
2025-06-21 17:33:59 [DEBUG] Encrypted messages put in a queue to be sent
2025-06-21 17:33:59 [DEBUG] Waiting for messages to send...
2025-06-21 17:33:59 [DEBUG] Handling RPC result for message 7518441780610182436
2025-06-21 17:33:59 [DEBUG] Receiving items from the network...
2025-06-21 17:33:59 [DEBUG] Assigned msg_id = 7518441781244298608 to SearchRequest (7562f1bc50)
2025-06-21 17:33:59 [DEBUG] Encrypting 1 message(s) in 88 bytes for sending
2025-06-21 17:33:59 [DEBUG] Encrypted messages put in a queue to be sent
2025-06-21 17:33:59 [DEBUG] Waiting for messages to send...
2025-06-21 17:33:59 [DEBUG] Assigned msg_id = 7518441781265926988 to MsgsAck (7562f44290)
2025-06-21 17:33:59 [DEBUG] Encrypting 1 message(s) in 36 bytes for sending
2025-06-21 17:33:59 [DEBUG] Encrypted messages put in a queue to be sent
2025-06-21 17:33:59 [DEBUG] Waiting for messages to send...
2025-06-21 17:33:59 [DEBUG] Handling RPC result for message 7518441781244298608
2025-06-21 17:33:59 [DEBUG] Receiving items from the network...
2025-06-21 17:33:59 [INFO] Sending /start command
2025-06-21 17:33:59 [DEBUG] Assigned msg_id = 7518441782160768180 to SendMessageRequest (75668934a0)
2025-06-21 17:33:59 [DEBUG] Encrypting 1 message(s) in 68 bytes for sending
2025-06-21 17:33:59 [DEBUG] Encrypted messages put in a queue to be sent
2025-06-21 17:33:59 [DEBUG] Waiting for messages to send...
2025-06-21 17:33:59 [DEBUG] Assigned msg_id = 7518441782172157916 to MsgsAck (7562f1bc50)
2025-06-21 17:33:59 [DEBUG] Encrypting 1 message(s) in 36 bytes for sending
2025-06-21 17:33:59 [DEBUG] Encrypted messages put in a queue to be sent
2025-06-21 17:33:59 [DEBUG] Waiting for messages to send...
2025-06-21 17:33:59 [DEBUG] Handling RPC result for message 7518441782160768180
2025-06-21 17:33:59 [DEBUG] Receiving items from the network...
2025-06-21 17:34:01 [DEBUG] Assigned msg_id = 7518441791576074516 to GetHistoryRequest (7562f1be90)
2025-06-21 17:34:01 [DEBUG] Encrypting 1 message(s) in 72 bytes for sending
2025-06-21 17:34:01 [DEBUG] Encrypted messages put in a queue to be sent
2025-06-21 17:34:01 [DEBUG] Waiting for messages to send...
2025-06-21 17:34:01 [DEBUG] Assigned msg_id = 7518441791588063156 to MsgsAck (756693ddf0)
2025-06-21 17:34:01 [DEBUG] Encrypting 1 message(s) in 36 bytes for sending
2025-06-21 17:34:01 [DEBUG] Encrypted messages put in a queue to be sent
2025-06-21 17:34:01 [DEBUG] Waiting for messages to send...
2025-06-21 17:34:01 [DEBUG] Handling update Updates
2025-06-21 17:34:01 [DEBUG] Receiving items from the network...
2025-06-21 17:34:01 [DEBUG] Handling gzipped data
2025-06-21 17:34:01 [DEBUG] Handling update Updates
2025-06-21 17:34:01 [DEBUG] Receiving items from the network...
2025-06-21 17:34:01 [DEBUG] Handling update Updates
2025-06-21 17:34:01 [DEBUG] Receiving items from the network...
2025-06-21 17:34:01 [DEBUG] Handling update Updates
2025-06-21 17:34:01 [DEBUG] Receiving items from the network...
2025-06-21 17:34:01 [DEBUG] Handling gzipped data
2025-06-21 17:34:01 [DEBUG] Handling update Updates
2025-06-21 17:34:01 [DEBUG] Receiving items from the network...
2025-06-21 17:34:01 [DEBUG] Handling container
2025-06-21 17:34:01 [DEBUG] Handling update Updates
2025-06-21 17:34:01 [DEBUG] Handling acknowledge for [7518441791576074516]
2025-06-21 17:34:01 [DEBUG] Receiving items from the network...
2025-06-21 17:34:01 [DEBUG] Handling RPC result for message 7518441791576074516
2025-06-21 17:34:01 [DEBUG] Receiving items from the network...
2025-06-21 17:34:01 [DEBUG] Found welcome message
2025-06-21 17:34:01 [DEBUG] Looking for button related to: 'go to task'
2025-06-21 17:34:01 [DEBUG] Button 'Go to Task Bot ->' similarity score: 0.74
2025-06-21 17:34:01 [DEBUG] Button 'Buy $vankedisi' similarity score: 0.25
2025-06-21 17:34:01 [DEBUG] Button 'Website' similarity score: 0.12
2025-06-21 17:34:01 [DEBUG] Button 'Sohbet Kanalı TR' similarity score: 0.23
2025-06-21 17:34:01 [DEBUG] Button 'Chat Channel ENG' similarity score: 0.08
2025-06-21 17:34:01 [DEBUG] Button 'Twitter' similarity score: 0.24
2025-06-21 17:34:01 [DEBUG] Button 'Instagram' similarity score: 0.21
2025-06-21 17:34:01 [DEBUG] Button '🌐 Change language' similarity score: 0.15
2025-06-21 17:34:01 [INFO] Clicking button 'Go to Task Bot ->' (score: 0.74) at position (0, 0)
2025-06-21 17:34:01 [DEBUG] Assigned msg_id = 7518441792889093316 to GetBotCallbackAnswerRequest (7562f472f0)
2025-06-21 17:34:01 [DEBUG] Encrypting 1 message(s) in 64 bytes for sending
2025-06-21 17:34:01 [DEBUG] Encrypted messages put in a queue to be sent
2025-06-21 17:34:01 [DEBUG] Waiting for messages to send...
2025-06-21 17:34:01 [DEBUG] Assigned msg_id = 7518441792902699388 to MsgsAck (7562f47350)
2025-06-21 17:34:01 [DEBUG] Encrypting 1 message(s) in 100 bytes for sending
2025-06-21 17:34:01 [DEBUG] Encrypted messages put in a queue to be sent
2025-06-21 17:34:01 [DEBUG] Waiting for messages to send...
2025-06-21 17:34:04 [DEBUG] Handling acknowledge for [7518441792889093316]
2025-06-21 17:34:04 [DEBUG] Receiving items from the network...
2025-06-21 17:34:04 [DEBUG] Handling gzipped data
2025-06-21 17:34:04 [DEBUG] Handling update Updates
2025-06-21 17:34:04 [DEBUG] Receiving items from the network...
2025-06-21 17:34:12 [DEBUG] Handling update Updates
2025-06-21 17:34:12 [DEBUG] Receiving items from the network...
2025-06-21 17:34:12 [DEBUG] Handling update Updates
2025-06-21 17:34:12 [DEBUG] Receiving items from the network...
2025-06-21 17:34:12 [DEBUG] Handling update Updates
2025-06-21 17:34:12 [DEBUG] Receiving items from the network...
2025-06-21 17:34:12 [DEBUG] Handling update UpdateShort
2025-06-21 17:34:12 [DEBUG] Receiving items from the network...
2025-06-21 17:34:17 [DEBUG] Handling RPC result for message 7518441792889093316
2025-06-21 17:34:17 [DEBUG] Receiving items from the network...
2025-06-21 17:34:17 [DEBUG] Assigned msg_id = 7518441858325097036 to MsgsAck (7562f47920)
2025-06-21 17:34:17 [DEBUG] Encrypting 1 message(s) in 36 bytes for sending
2025-06-21 17:34:17 [DEBUG] Encrypted messages put in a queue to be sent
2025-06-21 17:34:17 [DEBUG] Waiting for messages to send...
2025-06-21 17:34:17 [DEBUG] Assigned msg_id = 7518441858336446716 to MsgsAck (7562f44710)
2025-06-21 17:34:17 [DEBUG] Encrypting 1 message(s) in 84 bytes for sending
2025-06-21 17:34:17 [INFO] Clicked 'Go to Task Bot' button
2025-06-21 17:34:17 [DEBUG] Encrypted messages put in a queue to be sent
2025-06-21 17:34:17 [DEBUG] Waiting for messages to send...
2025-06-21 17:34:19 [DEBUG] Assigned msg_id = 7518441866955518916 to GetHistoryRequest (7562f47920)
2025-06-21 17:34:19 [DEBUG] Encrypting 1 message(s) in 72 bytes for sending
2025-06-21 17:34:19 [DEBUG] Encrypted messages put in a queue to be sent
2025-06-21 17:34:19 [DEBUG] Waiting for messages to send...
2025-06-21 17:34:19 [DEBUG] Handling RPC result for message 7518441866955518916
2025-06-21 17:34:19 [DEBUG] Receiving items from the network...
2025-06-21 17:34:19 [DEBUG] Found task panel
2025-06-21 17:34:19 [DEBUG] Looking for button related to: 'tasks'
2025-06-21 17:34:19 [DEBUG] Button '🎯 Tasks' similarity score: 0.83
2025-06-21 17:34:19 [DEBUG] Button '🎖️ Special Tasks' similarity score: 0.48
2025-06-21 17:34:19 [DEBUG] Button '💰 My Wallet' similarity score: 0.12
2025-06-21 17:34:19 [DEBUG] Button '👤 My Profile' similarity score: 0.00
2025-06-21 17:34:19 [DEBUG] Button 'Live Support' similarity score: 0.12
2025-06-21 17:34:19 [DEBUG] Button 'Tutorial' similarity score: 0.31
2025-06-21 17:34:19 [DEBUG] Button 'Main Menu' similarity score: 0.14
2025-06-21 17:34:19 [DEBUG] Button 'Back' similarity score: 0.44
2025-06-21 17:34:19 [INFO] Clicking button '🎯 Tasks' (score: 0.83) at position (0, 0)
2025-06-21 17:34:19 [DEBUG] Assigned msg_id = 7518441867913750844 to GetBotCallbackAnswerRequest (7562f46f00)
2025-06-21 17:34:19 [DEBUG] Encrypting 1 message(s) in 68 bytes for sending
2025-06-21 17:34:19 [DEBUG] Encrypted messages put in a queue to be sent
2025-06-21 17:34:19 [DEBUG] Waiting for messages to send...
2025-06-21 17:34:19 [DEBUG] Assigned msg_id = 7518441867930906492 to MsgsAck (7562f447a0)
2025-06-21 17:34:19 [DEBUG] Encrypting 1 message(s) in 36 bytes for sending
2025-06-21 17:34:19 [DEBUG] Encrypted messages put in a queue to be sent
2025-06-21 17:34:19 [DEBUG] Waiting for messages to send...
2025-06-21 17:34:22 [DEBUG] Handling container
2025-06-21 17:34:22 [DEBUG] Handling gzipped data
2025-06-21 17:34:22 [DEBUG] Handling update Updates
2025-06-21 17:34:22 [DEBUG] Handling acknowledge for [7518441867913750844]
2025-06-21 17:34:22 [DEBUG] Receiving items from the network...
2025-06-21 17:34:23 [DEBUG] Handling update UpdateShort
2025-06-21 17:34:23 [DEBUG] Receiving items from the network...
2025-06-21 17:34:24 [DEBUG] Handling update UpdateShort
2025-06-21 17:34:24 [DEBUG] Receiving items from the network...
2025-06-21 17:34:24 [DEBUG] Handling update Updates
2025-06-21 17:34:24 [DEBUG] Receiving items from the network...
2025-06-21 17:34:24 [DEBUG] Handling update Updates
2025-06-21 17:34:24 [DEBUG] Receiving items from the network...
2025-06-21 17:34:25 [DEBUG] Handling update UpdateShort
2025-06-21 17:34:25 [DEBUG] Receiving items from the network...
2025-06-21 17:34:27 [DEBUG] Handling update UpdateShort
2025-06-21 17:34:27 [DEBUG] Receiving items from the network...
2025-06-21 17:34:28 [DEBUG] Handling update UpdateShort
2025-06-21 17:34:28 [DEBUG] Receiving items from the network...
2025-06-21 17:34:30 [DEBUG] Handling update UpdateShort
2025-06-21 17:34:30 [DEBUG] Receiving items from the network...
2025-06-21 17:34:30 [DEBUG] Handling update UpdateShort
2025-06-21 17:34:30 [DEBUG] Receiving items from the network...
2025-06-21 17:34:34 [DEBUG] Handling RPC result for message 7518441867913750844
2025-06-21 17:34:34 [DEBUG] Receiving items from the network...
2025-06-21 17:34:34 [DEBUG] Assigned msg_id = 7518441933858284584 to MsgsAck (7562f44920)
2025-06-21 17:34:34 [DEBUG] Encrypting 1 message(s) in 36 bytes for sending
2025-06-21 17:34:34 [DEBUG] Encrypted messages put in a queue to be sent
2025-06-21 17:34:34 [DEBUG] Waiting for messages to send...
2025-06-21 17:34:34 [DEBUG] Assigned msg_id = 7518441933871213544 to MsgsAck (7562f47a40)
2025-06-21 17:34:34 [DEBUG] Encrypting 1 message(s) in 132 bytes for sending
2025-06-21 17:34:34 [INFO] Clicked 'Tasks' button
2025-06-21 17:34:34 [DEBUG] Encrypted messages put in a queue to be sent
2025-06-21 17:34:34 [DEBUG] Waiting for messages to send...
2025-06-21 17:34:35 [DEBUG] Handling update UpdateShort
2025-06-21 17:34:35 [DEBUG] Receiving items from the network...
2025-06-21 17:34:36 [DEBUG] Assigned msg_id = 7518441942484700080 to GetHistoryRequest (7562f47a10)
2025-06-21 17:34:36 [DEBUG] Encrypting 1 message(s) in 72 bytes for sending
2025-06-21 17:34:36 [DEBUG] Encrypted messages put in a queue to be sent
2025-06-21 17:34:36 [DEBUG] Waiting for messages to send...
2025-06-21 17:34:36 [DEBUG] Assigned msg_id = 7518441942500703688 to MsgsAck (7562f44fb0)
2025-06-21 17:34:36 [DEBUG] Encrypting 1 message(s) in 36 bytes for sending
2025-06-21 17:34:36 [DEBUG] Encrypted messages put in a queue to be sent
2025-06-21 17:34:36 [DEBUG] Waiting for messages to send...
2025-06-21 17:34:36 [DEBUG] Handling update Updates
2025-06-21 17:34:36 [DEBUG] Receiving items from the network...
2025-06-21 17:34:36 [DEBUG] Handling update Updates
2025-06-21 17:34:36 [DEBUG] Receiving items from the network...
2025-06-21 17:34:36 [DEBUG] Handling update Updates
2025-06-21 17:34:36 [DEBUG] Receiving items from the network...
2025-06-21 17:34:36 [DEBUG] Handling update Updates
2025-06-21 17:34:36 [DEBUG] Receiving items from the network...
2025-06-21 17:34:36 [DEBUG] Handling acknowledge for [7518441942484700080]
2025-06-21 17:34:36 [DEBUG] Receiving items from the network...
2025-06-21 17:34:37 [DEBUG] Handling RPC result for message 7518441942484700080
2025-06-21 17:34:37 [DEBUG] Receiving items from the network...
2025-06-21 17:34:37 [DEBUG] Not in active tasks view
2025-06-21 17:34:37 [DEBUG] Current tasks: 0, Last tasks: 0
2025-06-21 17:34:37 [DEBUG] Waiting 120 seconds for next check
2025-06-21 17:34:38 [DEBUG] Handling update UpdateShort
2025-06-21 17:34:38 [DEBUG] Receiving items from the network...
2025-06-21 17:34:38 [DEBUG] Handling update Updates
2025-06-21 17:34:38 [DEBUG] Receiving items from the network...
2025-06-21 17:34:38 [DEBUG] Handling update Updates
2025-06-21 17:34:38 [DEBUG] Receiving items from the network...
2025-06-21 17:34:43 [DEBUG] Handling update Updates
2025-06-21 17:34:43 [DEBUG] Receiving items from the network...
2025-06-21 17:34:43 [DEBUG] Handling update Updates
2025-06-21 17:34:43 [DEBUG] Receiving items from the network...
2025-06-21 17:34:43 [DEBUG] Handling update Updates
2025-06-21 17:34:43 [DEBUG] Receiving items from the network...
2025-06-21 17:34:43 [DEBUG] Handling update Updates
2025-06-21 17:34:43 [DEBUG] Receiving items from the network...
2025-06-21 17:34:43 [DEBUG] Handling update UpdateShort
2025-06-21 17:34:43 [DEBUG] Receiving items from the network...
2025-06-21 17:34:43 [DEBUG] Handling update Updates
2025-06-21 17:34:43 [DEBUG] Receiving items from the network...
2025-06-21 17:34:43 [DEBUG] Handling update Updates
2025-06-21 17:34:43 [DEBUG] Receiving items from the network...
2025-06-21 17:34:58 [DEBUG] Assigned msg_id = 7518442036741815256 to PingRequest (75660a2450)
2025-06-21 17:34:58 [DEBUG] Encrypting 1 message(s) in 28 bytes for sending
2025-06-21 17:34:58 [DEBUG] Encrypted messages put in a queue to be sent
2025-06-21 17:34:58 [DEBUG] Waiting for messages to send...
2025-06-21 17:34:58 [DEBUG] Assigned msg_id = 7518442036754975008 to MsgsAck (7566954680)
2025-06-21 17:34:58 [DEBUG] Encrypting 1 message(s) in 156 bytes for sending
2025-06-21 17:34:58 [DEBUG] Encrypted messages put in a queue to be sent
2025-06-21 17:34:58 [DEBUG] Waiting for messages to send...
2025-06-21 17:34:58 [DEBUG] Handling update Updates
2025-06-21 17:34:58 [DEBUG] Receiving items from the network...
2025-06-21 17:34:58 [DEBUG] Handling container
2025-06-21 17:34:58 [DEBUG] Handling update Updates
2025-06-21 17:34:58 [DEBUG] Handling update Updates
2025-06-21 17:34:58 [DEBUG] Receiving items from the network...
2025-06-21 17:34:58 [DEBUG] Handling container
2025-06-21 17:34:58 [DEBUG] Handling update UpdateShort
2025-06-21 17:34:58 [DEBUG] Handling update Updates
2025-06-21 17:34:58 [DEBUG] Receiving items from the network...
2025-06-21 17:34:58 [DEBUG] Handling update Updates
2025-06-21 17:34:58 [DEBUG] Receiving items from the network...
2025-06-21 17:34:58 [DEBUG] Handling pong for message 7518442036741815256
2025-06-21 17:34:58 [DEBUG] Receiving items from the network...
2025-06-21 17:34:59 [DEBUG] Handling update UpdateShort
2025-06-21 17:34:59 [DEBUG] Receiving items from the network...
2025-06-21 17:35:00 [DEBUG] Handling update UpdateShort
2025-06-21 17:35:00 [DEBUG] Receiving items from the network...
2025-06-21 17:35:03 [DEBUG] Handling container
2025-06-21 17:35:03 [DEBUG] Handling update UpdateShort
2025-06-21 17:35:03 [DEBUG] Handling update Updates
2025-06-21 17:35:03 [DEBUG] Receiving items from the network...
2025-06-21 17:35:03 [DEBUG] Handling update Updates
2025-06-21 17:35:03 [DEBUG] Receiving items from the network...
2025-06-21 17:35:03 [DEBUG] Handling update Updates
2025-06-21 17:35:03 [DEBUG] Receiving items from the network...
2025-06-21 17:35:04 [DEBUG] Handling update UpdateShort
2025-06-21 17:35:04 [DEBUG] Receiving items from the network...
2025-06-21 17:35:06 [DEBUG] Handling update UpdateShort
2025-06-21 17:35:06 [DEBUG] Receiving items from the network...
2025-06-21 17:35:07 [DEBUG] Handling container
2025-06-21 17:35:07 [DEBUG] Handling update UpdateShort
2025-06-21 17:35:07 [DEBUG] Handling update Updates
2025-06-21 17:35:07 [DEBUG] Receiving items from the network...
2025-06-21 17:35:07 [DEBUG] Handling container
2025-06-21 17:35:07 [DEBUG] Handling update UpdateShort
2025-06-21 17:35:07 [DEBUG] Handling update Updates
2025-06-21 17:35:07 [DEBUG] Handling update Updates
2025-06-21 17:35:07 [DEBUG] Receiving items from the network...
2025-06-21 17:35:14 [DEBUG] Handling update Updates
2025-06-21 17:35:14 [DEBUG] Receiving items from the network...
2025-06-21 17:35:14 [DEBUG] Handling container
2025-06-21 17:35:14 [DEBUG] Handling update UpdateShort
2025-06-21 17:35:14 [DEBUG] Handling update Updates
2025-06-21 17:35:14 [DEBUG] Handling update Updates
2025-06-21 17:35:14 [DEBUG] Receiving items from the network...
2025-06-21 17:35:14 [DEBUG] Handling update Updates
2025-06-21 17:35:14 [DEBUG] Receiving items from the network...
2025-06-21 17:35:14 [DEBUG] Timeout waiting for updates expired
2025-06-21 17:35:22 [DEBUG] Handling update Updates
2025-06-21 17:35:22 [DEBUG] Receiving items from the network...
2025-06-21 17:35:22 [DEBUG] Handling container
2025-06-21 17:35:22 [DEBUG] Handling update UpdateShort
2025-06-21 17:35:22 [DEBUG] Handling update Updates
2025-06-21 17:35:22 [DEBUG] Handling update Updates
2025-06-21 17:35:22 [DEBUG] Receiving items from the network...
2025-06-21 17:35:26 [DEBUG] Handling update Updates
2025-06-21 17:35:26 [DEBUG] Receiving items from the network...
2025-06-21 17:35:26 [DEBUG] Handling update Updates
2025-06-21 17:35:26 [DEBUG] Receiving items from the network...
2025-06-21 17:35:26 [DEBUG] Handling update Updates
2025-06-21 17:35:26 [DEBUG] Receiving items from the network...
2025-06-21 17:35:26 [DEBUG] Handling update Updates
2025-06-21 17:35:26 [DEBUG] Receiving items from the network...
2025-06-21 17:35:26 [DEBUG] Handling update UpdateShort
2025-06-21 17:35:26 [DEBUG] Receiving items from the network...
2025-06-21 17:35:26 [DEBUG] Handling container
2025-06-21 17:35:26 [DEBUG] Handling update UpdateShort
2025-06-21 17:35:26 [DEBUG] Handling update UpdateShort
2025-06-21 17:35:26 [DEBUG] Receiving items from the network...
2025-06-21 17:35:26 [DEBUG] Timeout waiting for updates expired
2025-06-21 17:35:26 [DEBUG] Timeout waiting for updates expired
2025-06-21 17:35:34 [DEBUG] Handling update UpdateShort
2025-06-21 17:35:34 [DEBUG] Receiving items from the network...
2025-06-21 17:35:34 [DEBUG] Handling update Updates
2025-06-21 17:35:34 [DEBUG] Receiving items from the network...
2025-06-21 17:35:34 [DEBUG] Handling update Updates
2025-06-21 17:35:34 [DEBUG] Receiving items from the network...
2025-06-21 17:35:34 [DEBUG] Handling update Updates
2025-06-21 17:35:34 [DEBUG] Receiving items from the network...
2025-06-21 17:35:34 [DEBUG] Handling update Updates
2025-06-21 17:35:34 [DEBUG] Receiving items from the network...
2025-06-21 17:35:34 [DEBUG] Handling update Updates
2025-06-21 17:35:34 [DEBUG] Receiving items from the network...
2025-06-21 17:35:34 [DEBUG] Handling update Updates
2025-06-21 17:35:34 [DEBUG] Receiving items from the network...
2025-06-21 17:35:34 [DEBUG] Handling update Updates
2025-06-21 17:35:34 [DEBUG] Receiving items from the network...
2025-06-21 17:35:34 [DEBUG] Handling update Updates
2025-06-21 17:35:34 [DEBUG] Receiving items from the network...
2025-06-21 17:35:34 [DEBUG] Handling update Updates
2025-06-21 17:35:34 [DEBUG] Receiving items from the network...
2025-06-21 17:35:34 [DEBUG] Handling update Updates
2025-06-21 17:35:34 [DEBUG] Receiving items from the network...
2025-06-21 17:35:34 [DEBUG] Handling update Updates
2025-06-21 17:35:34 [DEBUG] Receiving items from the network...
2025-06-21 17:35:34 [DEBUG] Handling update UpdateShort
2025-06-21 17:35:34 [DEBUG] Receiving items from the network...
2025-06-21 17:35:36 [DEBUG] Handling update Updates
2025-06-21 17:35:36 [DEBUG] Receiving items from the network...
2025-06-21 17:35:36 [DEBUG] Handling container
2025-06-21 17:35:36 [DEBUG] Handling update UpdateShort
2025-06-21 17:35:36 [DEBUG] Handling update Updates
2025-06-21 17:35:36 [DEBUG] Receiving items from the network...
2025-06-21 17:35:37 [DEBUG] Handling update UpdateShort
2025-06-21 17:35:37 [DEBUG] Receiving items from the network...
2025-06-21 17:35:58 [DEBUG] Assigned msg_id = 7518442294520744624 to PingRequest (7562f46cf0)
2025-06-21 17:35:58 [DEBUG] Encrypting 1 message(s) in 28 bytes for sending
2025-06-21 17:35:58 [DEBUG] Encrypted messages put in a queue to be sent
2025-06-21 17:35:58 [DEBUG] Waiting for messages to send...
2025-06-21 17:35:58 [DEBUG] Assigned msg_id = 7518442294536523164 to MsgsAck (7562f47920)
2025-06-21 17:35:58 [DEBUG] Encrypting 1 message(s) in 524 bytes for sending
2025-06-21 17:35:58 [DEBUG] Encrypted messages put in a queue to be sent
2025-06-21 17:35:58 [DEBUG] Waiting for messages to send...
2025-06-21 17:35:58 [DEBUG] Handling update Updates
2025-06-21 17:35:58 [DEBUG] Receiving items from the network...
2025-06-21 17:35:58 [DEBUG] Handling container
2025-06-21 17:35:58 [DEBUG] Handling pong for message 7518442294520744624
2025-06-21 17:35:58 [DEBUG] Handling update Updates
2025-06-21 17:35:58 [DEBUG] Receiving items from the network...
2025-06-21 17:35:58 [DEBUG] Handling container
2025-06-21 17:35:58 [DEBUG] Handling update Updates
2025-06-21 17:35:58 [DEBUG] Handling update Updates
2025-06-21 17:35:58 [DEBUG] Receiving items from the network...
2025-06-21 17:35:58 [DEBUG] Handling update Updates
2025-06-21 17:35:58 [DEBUG] Receiving items from the network...
2025-06-21 17:35:58 [DEBUG] Handling update Updates
2025-06-21 17:35:58 [DEBUG] Receiving items from the network...
2025-06-21 17:35:58 [DEBUG] Handling update Updates
2025-06-21 17:35:58 [DEBUG] Receiving items from the network...
2025-06-21 17:35:58 [DEBUG] Handling update Updates
2025-06-21 17:35:58 [DEBUG] Receiving items from the network...
2025-06-21 17:35:59 [DEBUG] Timeout waiting for updates expired
2025-06-21 17:36:01 [DEBUG] Handling update UpdateShort
2025-06-21 17:36:01 [DEBUG] Receiving items from the network...
2025-06-21 17:36:02 [DEBUG] Handling update UpdateShort
2025-06-21 17:36:02 [DEBUG] Receiving items from the network...
2025-06-21 17:36:02 [DEBUG] Handling update Updates
2025-06-21 17:36:02 [DEBUG] Receiving items from the network...
2025-06-21 17:36:02 [DEBUG] Timeout waiting for updates expired
2025-06-21 17:36:04 [DEBUG] Handling update UpdateShort
2025-06-21 17:36:04 [DEBUG] Receiving items from the network...
2025-06-21 17:36:06 [DEBUG] Handling update Updates
2025-06-21 17:36:06 [DEBUG] Receiving items from the network...
2025-06-21 17:36:06 [DEBUG] Handling container
2025-06-21 17:36:06 [DEBUG] Handling update UpdateShort
2025-06-21 17:36:06 [DEBUG] Handling update Updates
2025-06-21 17:36:06 [DEBUG] Receiving items from the network...
2025-06-21 17:36:06 [DEBUG] Timeout waiting for updates expired
2025-06-21 17:36:07 [DEBUG] Handling container
2025-06-21 17:36:07 [DEBUG] Handling update UpdateShort
2025-06-21 17:36:07 [DEBUG] Handling update Updates
2025-06-21 17:36:07 [DEBUG] Receiving items from the network...
2025-06-21 17:36:08 [DEBUG] Handling update UpdateShort
2025-06-21 17:36:08 [DEBUG] Receiving items from the network...
2025-06-21 17:36:08 [DEBUG] Handling update UpdateShort
2025-06-21 17:36:08 [DEBUG] Receiving items from the network...
2025-06-21 17:36:13 [DEBUG] Handling container
2025-06-21 17:36:13 [DEBUG] Handling update UpdateShort
2025-06-21 17:36:13 [DEBUG] Handling update UpdateShort
2025-06-21 17:36:13 [DEBUG] Handling update Updates
2025-06-21 17:36:13 [DEBUG] Receiving items from the network...
2025-06-21 17:36:15 [DEBUG] Handling update UpdateShort
2025-06-21 17:36:15 [DEBUG] Receiving items from the network...
2025-06-21 17:36:15 [DEBUG] Handling update UpdateShort
2025-06-21 17:36:15 [DEBUG] Receiving items from the network...
2025-06-21 17:36:15 [DEBUG] Handling update UpdateShort
2025-06-21 17:36:15 [DEBUG] Receiving items from the network...
2025-06-21 17:36:20 [DEBUG] Handling container
2025-06-21 17:36:20 [DEBUG] Handling update UpdateShort
2025-06-21 17:36:20 [DEBUG] Handling update UpdateShort
2025-06-21 17:36:20 [DEBUG] Receiving items from the network...
2025-06-21 17:36:22 [DEBUG] Handling update UpdateShort
2025-06-21 17:36:22 [DEBUG] Receiving items from the network...
2025-06-21 17:36:25 [DEBUG] Handling container
2025-06-21 17:36:25 [DEBUG] Handling update UpdateShort
2025-06-21 17:36:25 [DEBUG] Handling update Updates
2025-06-21 17:36:25 [DEBUG] Receiving items from the network...
2025-06-21 17:36:29 [DEBUG] Handling container
2025-06-21 17:36:29 [DEBUG] Handling update UpdateShort
2025-06-21 17:36:29 [DEBUG] Handling update Updates
2025-06-21 17:36:29 [DEBUG] Receiving items from the network...
2025-06-21 17:36:29 [DEBUG] Handling container
2025-06-21 17:36:29 [DEBUG] Handling update Updates
2025-06-21 17:36:29 [DEBUG] Handling update Updates
2025-06-21 17:36:29 [DEBUG] Receiving items from the network...
2025-06-21 17:36:29 [DEBUG] Handling update Updates
2025-06-21 17:36:29 [DEBUG] Receiving items from the network...
2025-06-21 17:36:29 [DEBUG] Handling update Updates
2025-06-21 17:36:29 [DEBUG] Receiving items from the network...
2025-06-21 17:36:29 [DEBUG] Handling update Updates
2025-06-21 17:36:29 [DEBUG] Receiving items from the network...
2025-06-21 17:36:30 [DEBUG] Handling container
2025-06-21 17:36:30 [DEBUG] Handling update Updates
2025-06-21 17:36:30 [DEBUG] Handling update UpdateShort
2025-06-21 17:36:30 [DEBUG] Receiving items from the network...
2025-06-21 17:36:30 [DEBUG] Handling update Updates
2025-06-21 17:36:30 [DEBUG] Receiving items from the network...
2025-06-21 17:36:30 [DEBUG] Timeout waiting for updates expired
2025-06-21 17:36:37 [INFO] Checking for available tasks
2025-06-21 17:36:37 [INFO] Starting navigation to tasks
2025-06-21 17:36:37 [DEBUG] Assigned msg_id = 7518442459052884848 to SearchRequest (7562f47740)
2025-06-21 17:36:37 [DEBUG] Encrypting 1 message(s) in 88 bytes for sending
2025-06-21 17:36:37 [DEBUG] Encrypted messages put in a queue to be sent
2025-06-21 17:36:37 [DEBUG] Waiting for messages to send...
2025-06-21 17:36:37 [DEBUG] Assigned msg_id = 7518442459067404540 to MsgsAck (7562f452b0)
2025-06-21 17:36:37 [DEBUG] Encrypting 1 message(s) in 436 bytes for sending
2025-06-21 17:36:37 [DEBUG] Encrypted messages put in a queue to be sent
2025-06-21 17:36:37 [DEBUG] Waiting for messages to send...
2025-06-21 17:36:37 [DEBUG] Handling acknowledge for [7518442459052884848]
2025-06-21 17:36:37 [DEBUG] Receiving items from the network...
2025-06-21 17:36:37 [DEBUG] Handling update Updates
2025-06-21 17:36:37 [DEBUG] Receiving items from the network...
2025-06-21 17:36:37 [DEBUG] Handling update Updates
2025-06-21 17:36:37 [DEBUG] Receiving items from the network...
2025-06-21 17:36:37 [DEBUG] Handling update Updates
2025-06-21 17:36:37 [DEBUG] Receiving items from the network...
2025-06-21 17:36:37 [DEBUG] Handling RPC result for message 7518442459052884848
2025-06-21 17:36:37 [DEBUG] Receiving items from the network...
2025-06-21 17:36:37 [INFO] Sending /start command
2025-06-21 17:36:37 [DEBUG] Assigned msg_id = 7518442459781523496 to SendMessageRequest (7562f45670)
2025-06-21 17:36:37 [DEBUG] Encrypting 1 message(s) in 68 bytes for sending
2025-06-21 17:36:37 [DEBUG] Encrypted messages put in a queue to be sent
2025-06-21 17:36:37 [DEBUG] Waiting for messages to send...
2025-06-21 17:36:37 [DEBUG] Assigned msg_id = 7518442459794997960 to MsgsAck (7562f46ae0)
2025-06-21 17:36:37 [DEBUG] Encrypting 1 message(s) in 68 bytes for sending
2025-06-21 17:36:37 [DEBUG] Encrypted messages put in a queue to be sent
2025-06-21 17:36:37 [DEBUG] Waiting for messages to send...
2025-06-21 17:36:37 [DEBUG] Handling RPC result for message 7518442459781523496
2025-06-21 17:36:37 [DEBUG] Receiving items from the network...
2025-06-21 17:36:37 [DEBUG] Handling gzipped data
2025-06-21 17:36:37 [DEBUG] Handling update Updates
2025-06-21 17:36:37 [DEBUG] Receiving items from the network...
2025-06-21 17:36:37 [DEBUG] Handling gzipped data
2025-06-21 17:36:37 [DEBUG] Handling update Updates
2025-06-21 17:36:37 [DEBUG] Receiving items from the network...
2025-06-21 17:36:39 [DEBUG] Assigned msg_id = 7518442469113984144 to GetHistoryRequest (7562f44bc0)
2025-06-21 17:36:39 [DEBUG] Encrypting 1 message(s) in 72 bytes for sending
2025-06-21 17:36:39 [DEBUG] Encrypted messages put in a queue to be sent
2025-06-21 17:36:39 [DEBUG] Waiting for messages to send...
2025-06-21 17:36:39 [DEBUG] Assigned msg_id = 7518442469130703960 to MsgsAck (7562f457f0)
2025-06-21 17:36:39 [DEBUG] Encrypting 1 message(s) in 52 bytes for sending
2025-06-21 17:36:39 [DEBUG] Encrypted messages put in a queue to be sent
2025-06-21 17:36:39 [DEBUG] Waiting for messages to send...
2025-06-21 17:36:39 [DEBUG] Handling RPC result for message 7518442469113984144
2025-06-21 17:36:39 [DEBUG] Receiving items from the network...
2025-06-21 17:36:39 [DEBUG] Found welcome message
2025-06-21 17:36:39 [DEBUG] Looking for button related to: 'go to task'
2025-06-21 17:36:39 [DEBUG] Button 'Go to Task Bot ->' similarity score: 0.74
2025-06-21 17:36:39 [DEBUG] Button 'Buy $vankedisi' similarity score: 0.25
2025-06-21 17:36:39 [DEBUG] Button 'Website' similarity score: 0.12
2025-06-21 17:36:39 [DEBUG] Button 'Sohbet Kanalı TR' similarity score: 0.23
2025-06-21 17:36:39 [DEBUG] Button 'Chat Channel ENG' similarity score: 0.08
2025-06-21 17:36:39 [DEBUG] Button 'Twitter' similarity score: 0.24
2025-06-21 17:36:39 [DEBUG] Button 'Instagram' similarity score: 0.21
2025-06-21 17:36:39 [DEBUG] Button '🌐 Change language' similarity score: 0.15
2025-06-21 17:36:39 [INFO] Clicking button 'Go to Task Bot ->' (score: 0.74) at position (0, 0)
2025-06-21 17:36:39 [DEBUG] Assigned msg_id = 7518442469873619116 to GetBotCallbackAnswerRequest (7562f5fa10)
2025-06-21 17:36:39 [DEBUG] Encrypting 1 message(s) in 64 bytes for sending
2025-06-21 17:36:39 [DEBUG] Encrypted messages put in a queue to be sent
2025-06-21 17:36:39 [DEBUG] Waiting for messages to send...
2025-06-21 17:36:39 [DEBUG] Assigned msg_id = 7518442469889505420 to MsgsAck (7562f47740)
2025-06-21 17:36:39 [DEBUG] Encrypting 1 message(s) in 36 bytes for sending
2025-06-21 17:36:39 [DEBUG] Encrypted messages put in a queue to be sent
2025-06-21 17:36:39 [DEBUG] Waiting for messages to send...
2025-06-21 17:36:40 [DEBUG] Handling acknowledge for [7518442469873619116]
2025-06-21 17:36:40 [DEBUG] Receiving items from the network...
2025-06-21 17:36:40 [DEBUG] Handling gzipped data
2025-06-21 17:36:40 [DEBUG] Handling update Updates
2025-06-21 17:36:40 [DEBUG] Receiving items from the network...
2025-06-21 17:36:54 [DEBUG] Handling container
2025-06-21 17:36:54 [DEBUG] Handling RPC result for message 7518442469873619116
2025-06-21 17:36:54 [DEBUG] Handling update Updates
2025-06-21 17:36:54 [DEBUG] Handling update Updates
2025-06-21 17:36:54 [DEBUG] Receiving items from the network...
2025-06-21 17:36:54 [DEBUG] Assigned msg_id = 7518442535671460576 to MsgsAck (7562f46600)
2025-06-21 17:36:54 [DEBUG] Encrypting 1 message(s) in 36 bytes for sending
2025-06-21 17:36:54 [DEBUG] Encrypted messages put in a queue to be sent
2025-06-21 17:36:54 [DEBUG] Waiting for messages to send...
2025-06-21 17:36:54 [DEBUG] Assigned msg_id = 7518442535684527824 to MsgsAck (7562f5f500)
2025-06-21 17:36:54 [DEBUG] Encrypting 1 message(s) in 76 bytes for sending
2025-06-21 17:36:54 [INFO] Clicked 'Go to Task Bot' button
2025-06-21 17:36:54 [DEBUG] Encrypted messages put in a queue to be sent
2025-06-21 17:36:54 [DEBUG] Waiting for messages to send...
2025-06-21 17:36:54 [DEBUG] Handling update Updates
2025-06-21 17:36:54 [DEBUG] Receiving items from the network...
2025-06-21 17:36:54 [DEBUG] Handling update Updates
2025-06-21 17:36:54 [DEBUG] Receiving items from the network...
2025-06-21 17:36:54 [DEBUG] Handling update Updates
2025-06-21 17:36:54 [DEBUG] Receiving items from the network...
2025-06-21 17:36:55 [DEBUG] Timeout waiting for updates expired
2025-06-21 17:36:55 [DEBUG] Timeout waiting for updates expired
2025-06-21 17:36:56 [DEBUG] Assigned msg_id = 7518442544298039152 to GetHistoryRequest (7562f472c0)
2025-06-21 17:36:56 [DEBUG] Encrypting 1 message(s) in 72 bytes for sending
2025-06-21 17:36:56 [DEBUG] Encrypted messages put in a queue to be sent
2025-06-21 17:36:56 [DEBUG] Waiting for messages to send...
2025-06-21 17:36:56 [DEBUG] Assigned msg_id = 7518442544312349036 to MsgsAck (7562f47140)
2025-06-21 17:36:56 [DEBUG] Encrypting 1 message(s) in 52 bytes for sending
2025-06-21 17:36:56 [DEBUG] Encrypted messages put in a queue to be sent
2025-06-21 17:36:56 [DEBUG] Waiting for messages to send...
2025-06-21 17:36:57 [DEBUG] Handling container
2025-06-21 17:36:57 [DEBUG] Handling update Updates
2025-06-21 17:36:57 [DEBUG] Handling acknowledge for [7518442544298039152]
2025-06-21 17:36:57 [DEBUG] Receiving items from the network...
2025-06-21 17:36:57 [DEBUG] Handling RPC result for message 7518442544298039152
2025-06-21 17:36:57 [DEBUG] Receiving items from the network...
2025-06-21 17:36:57 [DEBUG] Found task panel
2025-06-21 17:36:57 [DEBUG] Looking for button related to: 'tasks'
2025-06-21 17:36:57 [DEBUG] Button '🎯 Tasks' similarity score: 0.83
2025-06-21 17:36:57 [DEBUG] Button '🎖️ Special Tasks' similarity score: 0.48
2025-06-21 17:36:57 [DEBUG] Button '💰 My Wallet' similarity score: 0.12
2025-06-21 17:36:57 [DEBUG] Button '👤 My Profile' similarity score: 0.00
2025-06-21 17:36:57 [DEBUG] Button 'Live Support' similarity score: 0.12
2025-06-21 17:36:57 [DEBUG] Button 'Tutorial' similarity score: 0.31
2025-06-21 17:36:57 [DEBUG] Button 'Main Menu' similarity score: 0.14
2025-06-21 17:36:57 [DEBUG] Button 'Back' similarity score: 0.44
2025-06-21 17:36:57 [INFO] Clicking button '🎯 Tasks' (score: 0.83) at position (0, 0)
2025-06-21 17:36:57 [DEBUG] Assigned msg_id = 7518442546297272996 to GetBotCallbackAnswerRequest (7562f5e8d0)
2025-06-21 17:36:57 [DEBUG] Encrypting 1 message(s) in 68 bytes for sending
2025-06-21 17:36:57 [DEBUG] Encrypted messages put in a queue to be sent
2025-06-21 17:36:57 [DEBUG] Waiting for messages to send...
2025-06-21 17:36:57 [DEBUG] Assigned msg_id = 7518442546309489564 to MsgsAck (7562f45c40)
2025-06-21 17:36:57 [DEBUG] Encrypting 1 message(s) in 60 bytes for sending
2025-06-21 17:36:57 [DEBUG] Encrypted messages put in a queue to be sent
2025-06-21 17:36:57 [DEBUG] Waiting for messages to send...
2025-06-21 17:36:58 [DEBUG] Handling container
2025-06-21 17:36:58 [DEBUG] Handling gzipped data
2025-06-21 17:36:58 [DEBUG] Handling update Updates
2025-06-21 17:36:58 [DEBUG] Handling acknowledge for [7518442546297272996]
2025-06-21 17:36:58 [DEBUG] Receiving items from the network...
2025-06-21 17:36:58 [DEBUG] Assigned msg_id = 7518442552258316952 to PingRequest (7564ea5880)
2025-06-21 17:36:58 [DEBUG] Encrypting 1 message(s) in 28 bytes for sending
2025-06-21 17:36:58 [DEBUG] Encrypted messages put in a queue to be sent
2025-06-21 17:36:58 [DEBUG] Waiting for messages to send...
2025-06-21 17:36:58 [DEBUG] Assigned msg_id = 7518442552271690328 to MsgsAck (7562f5f620)
2025-06-21 17:36:58 [DEBUG] Encrypting 1 message(s) in 52 bytes for sending
2025-06-21 17:36:58 [DEBUG] Encrypted messages put in a queue to be sent
2025-06-21 17:36:58 [DEBUG] Waiting for messages to send...
2025-06-21 17:36:58 [DEBUG] Handling pong for message 7518442552258316952
2025-06-21 17:36:58 [DEBUG] Receiving items from the network...
2025-06-21 17:37:12 [DEBUG] Handling RPC result for message 7518442546297272996
2025-06-21 17:37:12 [DEBUG] Receiving items from the network...
2025-06-21 17:37:12 [DEBUG] Assigned msg_id = 7518442611380895368 to MsgsAck (7564ea5880)
2025-06-21 17:37:12 [DEBUG] Encrypting 1 message(s) in 36 bytes for sending
2025-06-21 17:37:12 [DEBUG] Encrypted messages put in a queue to be sent
2025-06-21 17:37:12 [DEBUG] Waiting for messages to send...
2025-06-21 17:37:12 [DEBUG] Assigned msg_id = 7518442611391875020 to MsgsAck (7562f44fb0)
2025-06-21 17:37:12 [DEBUG] Encrypting 1 message(s) in 44 bytes for sending
2025-06-21 17:37:12 [INFO] Clicked 'Tasks' button
2025-06-21 17:37:12 [DEBUG] Handling update Updates
2025-06-21 17:37:12 [DEBUG] Receiving items from the network...
2025-06-21 17:37:12 [DEBUG] Encrypted messages put in a queue to be sent
2025-06-21 17:37:12 [DEBUG] Waiting for messages to send...
2025-06-21 17:37:12 [DEBUG] Assigned msg_id = 7518442611428959600 to MsgsAck (7566954680)
2025-06-21 17:37:12 [DEBUG] Encrypting 1 message(s) in 36 bytes for sending
2025-06-21 17:37:12 [DEBUG] Handling update Updates
2025-06-21 17:37:12 [DEBUG] Receiving items from the network...
2025-06-21 17:37:12 [DEBUG] Encrypted messages put in a queue to be sent
2025-06-21 17:37:12 [DEBUG] Waiting for messages to send...
2025-06-21 17:37:12 [DEBUG] Assigned msg_id = 7518442611462740648 to MsgsAck (7562f453a0)
2025-06-21 17:37:12 [DEBUG] Encrypting 1 message(s) in 36 bytes for sending
2025-06-21 17:37:12 [DEBUG] Handling update Updates
2025-06-21 17:37:12 [DEBUG] Receiving items from the network...
2025-06-21 17:37:12 [DEBUG] Encrypted messages put in a queue to be sent
2025-06-21 17:37:12 [DEBUG] Waiting for messages to send...
2025-06-21 17:37:12 [DEBUG] Assigned msg_id = 7518442611498106708 to MsgsAck (7562f449e0)
2025-06-21 17:37:12 [DEBUG] Encrypting 1 message(s) in 36 bytes for sending
2025-06-21 17:37:12 [DEBUG] Handling update Updates
2025-06-21 17:37:12 [DEBUG] Receiving items from the network...
2025-06-21 17:37:12 [DEBUG] Encrypted messages put in a queue to be sent
2025-06-21 17:37:12 [DEBUG] Waiting for messages to send...
2025-06-21 17:37:12 [DEBUG] Assigned msg_id = 7518442611532918680 to MsgsAck (7562f1b470)
2025-06-21 17:37:12 [DEBUG] Encrypting 1 message(s) in 36 bytes for sending
2025-06-21 17:37:12 [DEBUG] Handling container
2025-06-21 17:37:12 [DEBUG] Handling update Updates
2025-06-21 17:37:12 [DEBUG] Handling update Updates
2025-06-21 17:37:12 [DEBUG] Receiving items from the network...
2025-06-21 17:37:12 [DEBUG] Encrypted messages put in a queue to be sent
2025-06-21 17:37:12 [DEBUG] Waiting for messages to send...
2025-06-21 17:37:12 [DEBUG] Assigned msg_id = 7518442611578564396 to MsgsAck (7562f47f80)
2025-06-21 17:37:12 [DEBUG] Encrypting 1 message(s) in 52 bytes for sending
2025-06-21 17:37:12 [DEBUG] Handling update Updates
2025-06-21 17:37:12 [DEBUG] Receiving items from the network...
2025-06-21 17:37:12 [DEBUG] Encrypted messages put in a queue to be sent
2025-06-21 17:37:12 [DEBUG] Waiting for messages to send...
2025-06-21 17:37:12 [DEBUG] Assigned msg_id = 7518442611632972468 to MsgsAck (7562f1b770)
2025-06-21 17:37:12 [DEBUG] Encrypting 1 message(s) in 36 bytes for sending
2025-06-21 17:37:12 [DEBUG] Handling update Updates
2025-06-21 17:37:12 [DEBUG] Receiving items from the network...
2025-06-21 17:37:12 [DEBUG] Encrypted messages put in a queue to be sent
2025-06-21 17:37:12 [DEBUG] Waiting for messages to send...
2025-06-21 17:37:12 [DEBUG] Assigned msg_id = 7518442611695403804 to MsgsAck (7564d87710)
2025-06-21 17:37:12 [DEBUG] Encrypting 1 message(s) in 36 bytes for sending
2025-06-21 17:37:12 [DEBUG] Encrypted messages put in a queue to be sent
2025-06-21 17:37:12 [DEBUG] Waiting for messages to send...
2025-06-21 17:37:12 [DEBUG] Handling update Updates
2025-06-21 17:37:12 [DEBUG] Receiving items from the network...
2025-06-21 17:37:14 [DEBUG] Assigned msg_id = 7518442620007714268 to GetHistoryRequest (7562f5e750)
2025-06-21 17:37:14 [DEBUG] Encrypting 1 message(s) in 72 bytes for sending
2025-06-21 17:37:14 [DEBUG] Encrypted messages put in a queue to be sent
2025-06-21 17:37:14 [DEBUG] Waiting for messages to send...
2025-06-21 17:37:14 [DEBUG] Assigned msg_id = 7518442620021466248 to MsgsAck (756307b6e0)
2025-06-21 17:37:14 [DEBUG] Encrypting 1 message(s) in 36 bytes for sending
2025-06-21 17:37:14 [DEBUG] Encrypted messages put in a queue to be sent
2025-06-21 17:37:14 [DEBUG] Waiting for messages to send...
2025-06-21 17:37:14 [DEBUG] Handling RPC result for message 7518442620007714268
2025-06-21 17:37:14 [DEBUG] Receiving items from the network...
2025-06-21 17:37:14 [DEBUG] Not in active tasks view
2025-06-21 17:37:14 [DEBUG] Current tasks: 0, Last tasks: 0
2025-06-21 17:37:14 [DEBUG] Waiting 120 seconds for next check
2025-06-21 17:37:58 [DEBUG] Assigned msg_id = 7518442810122733688 to PingRequest (75650636e0)
2025-06-21 17:37:58 [DEBUG] Encrypting 1 message(s) in 28 bytes for sending
2025-06-21 17:37:58 [DEBUG] Encrypted messages put in a queue to be sent
2025-06-21 17:37:58 [DEBUG] Waiting for messages to send...
2025-06-21 17:37:58 [DEBUG] Assigned msg_id = 7518442810139064408 to MsgsAck (75660a2450)
2025-06-21 17:37:58 [DEBUG] Encrypting 1 message(s) in 36 bytes for sending
2025-06-21 17:37:58 [DEBUG] Encrypted messages put in a queue to be sent
2025-06-21 17:37:58 [DEBUG] Waiting for messages to send...
2025-06-21 17:37:58 [DEBUG] Handling container
2025-06-21 17:37:58 [DEBUG] Handling update Updates
2025-06-21 17:37:58 [DEBUG] Handling update Updates
2025-06-21 17:37:58 [DEBUG] Receiving items from the network...
2025-06-21 17:37:58 [DEBUG] Handling container
2025-06-21 17:37:58 [DEBUG] Handling update Updates
2025-06-21 17:37:58 [DEBUG] Handling update Updates
2025-06-21 17:37:58 [DEBUG] Receiving items from the network...
2025-06-21 17:37:58 [DEBUG] Handling container
2025-06-21 17:37:58 [DEBUG] Handling update Updates
2025-06-21 17:37:58 [DEBUG] Handling update UpdateShort
2025-06-21 17:37:59 [DEBUG] Receiving items from the network...
2025-06-21 17:37:59 [DEBUG] Handling container
2025-06-21 17:37:59 [DEBUG] Handling update Updates
2025-06-21 17:37:59 [DEBUG] Handling update Updates
2025-06-21 17:37:59 [DEBUG] Receiving items from the network...
2025-06-21 17:37:59 [DEBUG] Handling container
2025-06-21 17:37:59 [DEBUG] Handling update Updates
2025-06-21 17:37:59 [DEBUG] Handling update UpdateShort
2025-06-21 17:37:59 [DEBUG] Receiving items from the network...
2025-06-21 17:37:59 [DEBUG] Handling container
2025-06-21 17:37:59 [DEBUG] Handling pong for message 7518442810122733688
2025-06-21 17:37:59 [DEBUG] Handling update Updates
2025-06-21 17:37:59 [DEBUG] Handling update Updates
2025-06-21 17:37:59 [DEBUG] Receiving items from the network...
2025-06-21 17:37:59 [DEBUG] Handling container
2025-06-21 17:37:59 [DEBUG] Handling update Updates
2025-06-21 17:37:59 [DEBUG] Handling update Updates
2025-06-21 17:37:59 [DEBUG] Handling update Updates
2025-06-21 17:37:59 [DEBUG] Receiving items from the network...
2025-06-21 17:37:59 [DEBUG] Handling update Updates
2025-06-21 17:37:59 [DEBUG] Receiving items from the network...
2025-06-21 17:37:59 [DEBUG] Handling update Updates
2025-06-21 17:37:59 [DEBUG] Receiving items from the network...
2025-06-21 17:37:59 [DEBUG] Handling update Updates
2025-06-21 17:37:59 [DEBUG] Receiving items from the network...
2025-06-21 17:37:59 [DEBUG] Handling update Updates
2025-06-21 17:37:59 [DEBUG] Receiving items from the network...
2025-06-21 17:37:59 [DEBUG] Handling update Updates
2025-06-21 17:37:59 [DEBUG] Receiving items from the network...
2025-06-21 17:37:59 [DEBUG] Handling update Updates
2025-06-21 17:37:59 [DEBUG] Receiving items from the network...
2025-06-21 17:37:59 [DEBUG] Handling update Updates
2025-06-21 17:37:59 [DEBUG] Receiving items from the network...
2025-06-21 17:37:59 [DEBUG] Handling update Updates
2025-06-21 17:37:59 [DEBUG] Receiving items from the network...
2025-06-21 17:37:59 [DEBUG] Handling update Updates
2025-06-21 17:37:59 [DEBUG] Receiving items from the network...
2025-06-21 17:37:59 [DEBUG] Handling update Updates
2025-06-21 17:37:59 [DEBUG] Receiving items from the network...
2025-06-21 17:37:59 [DEBUG] Handling update Updates
2025-06-21 17:37:59 [DEBUG] Receiving items from the network...
2025-06-21 17:37:59 [DEBUG] Handling update Updates
2025-06-21 17:37:59 [DEBUG] Receiving items from the network...
2025-06-21 17:37:59 [DEBUG] Handling update Updates
2025-06-21 17:37:59 [DEBUG] Receiving items from the network...
2025-06-21 17:37:59 [DEBUG] Handling update Updates
2025-06-21 17:37:59 [DEBUG] Receiving items from the network...
2025-06-21 17:37:59 [DEBUG] Handling update Updates
2025-06-21 17:37:59 [DEBUG] Receiving items from the network...
2025-06-21 17:37:59 [DEBUG] Handling update Updates
2025-06-21 17:37:59 [DEBUG] Receiving items from the network...
2025-06-21 17:37:59 [DEBUG] Handling update Updates
2025-06-21 17:37:59 [DEBUG] Receiving items from the network...
2025-06-21 17:37:59 [DEBUG] Handling update Updates
2025-06-21 17:37:59 [DEBUG] Receiving items from the network...
2025-06-21 17:37:59 [DEBUG] Handling update Updates
2025-06-21 17:37:59 [DEBUG] Receiving items from the network...
2025-06-21 17:37:59 [DEBUG] Handling update Updates
2025-06-21 17:37:59 [DEBUG] Receiving items from the network...
2025-06-21 17:37:59 [DEBUG] Handling update Updates
2025-06-21 17:37:59 [DEBUG] Receiving items from the network...
2025-06-21 17:37:59 [DEBUG] Handling update Updates
2025-06-21 17:37:59 [DEBUG] Receiving items from the network...
2025-06-21 17:37:59 [DEBUG] Handling container
2025-06-21 17:37:59 [DEBUG] Handling update Updates
2025-06-21 17:37:59 [DEBUG] Handling update Updates
2025-06-21 17:37:59 [DEBUG] Receiving items from the network...
2025-06-21 17:37:59 [DEBUG] Timeout waiting for updates expired
2025-06-21 17:38:40 [DEBUG] Handling container
2025-06-21 17:38:40 [DEBUG] Handling update Updates
2025-06-21 17:38:40 [DEBUG] Handling update Updates
2025-06-21 17:38:40 [DEBUG] Receiving items from the network...
2025-06-21 17:38:40 [DEBUG] Handling container
2025-06-21 17:38:40 [DEBUG] Handling gzipped data
2025-06-21 17:38:40 [DEBUG] Handling update Updates
2025-06-21 17:38:40 [DEBUG] Handling update UpdateShort
2025-06-21 17:38:40 [DEBUG] Handling update UpdateShort
2025-06-21 17:38:40 [DEBUG] Receiving items from the network...
2025-06-21 17:38:40 [DEBUG] Handling container
2025-06-21 17:38:40 [DEBUG] Handling update Updates
2025-06-21 17:38:40 [DEBUG] Handling update Updates
2025-06-21 17:38:40 [DEBUG] Receiving items from the network...
2025-06-21 17:38:40 [DEBUG] Handling container
2025-06-21 17:38:40 [DEBUG] Handling update Updates
2025-06-21 17:38:40 [DEBUG] Handling update Updates
2025-06-21 17:38:40 [DEBUG] Receiving items from the network...
2025-06-21 17:38:40 [DEBUG] Handling update Updates
2025-06-21 17:38:40 [DEBUG] Receiving items from the network...
2025-06-21 17:38:40 [DEBUG] Handling update Updates
2025-06-21 17:38:40 [DEBUG] Receiving items from the network...
2025-06-21 17:38:40 [DEBUG] Handling update Updates
2025-06-21 17:38:40 [DEBUG] Receiving items from the network...
2025-06-21 17:38:40 [DEBUG] Handling update Updates
2025-06-21 17:38:40 [DEBUG] Receiving items from the network...
2025-06-21 17:38:40 [DEBUG] Handling update Updates
2025-06-21 17:38:40 [DEBUG] Receiving items from the network...
2025-06-21 17:38:40 [DEBUG] Handling update Updates
2025-06-21 17:38:40 [DEBUG] Receiving items from the network...
2025-06-21 17:38:40 [DEBUG] Handling update Updates
2025-06-21 17:38:40 [DEBUG] Receiving items from the network...
2025-06-21 17:38:40 [DEBUG] Handling update Updates
2025-06-21 17:38:40 [DEBUG] Receiving items from the network...
2025-06-21 17:38:40 [DEBUG] Handling update Updates
2025-06-21 17:38:40 [DEBUG] Receiving items from the network...
2025-06-21 17:38:40 [DEBUG] Handling update Updates
2025-06-21 17:38:40 [DEBUG] Receiving items from the network...
2025-06-21 17:38:40 [DEBUG] Handling update Updates
2025-06-21 17:38:40 [DEBUG] Receiving items from the network...
2025-06-21 17:38:40 [DEBUG] Handling update Updates
2025-06-21 17:38:40 [DEBUG] Receiving items from the network...
2025-06-21 17:38:40 [DEBUG] Handling update Updates
2025-06-21 17:38:40 [DEBUG] Receiving items from the network...
2025-06-21 17:38:40 [DEBUG] Handling update Updates
2025-06-21 17:38:40 [DEBUG] Receiving items from the network...
2025-06-21 17:38:40 [DEBUG] Handling update Updates
2025-06-21 17:38:40 [DEBUG] Receiving items from the network...
2025-06-21 17:38:40 [DEBUG] Handling update Updates
2025-06-21 17:38:40 [DEBUG] Receiving items from the network...
2025-06-21 17:38:40 [DEBUG] Handling update Updates
2025-06-21 17:38:40 [DEBUG] Receiving items from the network...
2025-06-21 17:38:43 [DEBUG] Handling container
2025-06-21 17:38:43 [DEBUG] Handling gzipped data
2025-06-21 17:38:43 [DEBUG] Handling update Updates
2025-06-21 17:38:43 [DEBUG] Handling update Updates
2025-06-21 17:38:43 [DEBUG] Receiving items from the network...
2025-06-21 17:38:58 [DEBUG] Assigned msg_id = 7518443067884886972 to PingRequest (7563099550)
2025-06-21 17:38:58 [DEBUG] Encrypting 1 message(s) in 28 bytes for sending
2025-06-21 17:38:58 [DEBUG] Encrypted messages put in a queue to be sent
2025-06-21 17:38:58 [DEBUG] Waiting for messages to send...
2025-06-21 17:38:58 [DEBUG] Assigned msg_id = 7518443067901437036 to MsgsAck (7562f1b9e0)
2025-06-21 17:38:58 [DEBUG] Encrypting 1 message(s) in 676 bytes for sending
2025-06-21 17:38:58 [DEBUG] Encrypted messages put in a queue to be sent
2025-06-21 17:38:58 [DEBUG] Waiting for messages to send...
2025-06-21 17:38:59 [DEBUG] Handling container
2025-06-21 17:38:59 [DEBUG] Handling update Updates
2025-06-21 17:38:59 [DEBUG] Handling update UpdateShort
2025-06-21 17:38:59 [DEBUG] Handling update Updates
2025-06-21 17:38:59 [DEBUG] Receiving items from the network...
2025-06-21 17:38:59 [DEBUG] Handling update Updates
2025-06-21 17:38:59 [DEBUG] Receiving items from the network...
2025-06-21 17:38:59 [DEBUG] Handling container
2025-06-21 17:38:59 [DEBUG] Handling pong for message 7518443067884886972
2025-06-21 17:38:59 [DEBUG] Handling update Updates
2025-06-21 17:38:59 [DEBUG] Receiving items from the network...
2025-06-21 17:39:14 [INFO] Checking for available tasks
2025-06-21 17:39:14 [INFO] Starting navigation to tasks
2025-06-21 17:39:14 [DEBUG] Assigned msg_id = 7518443136242777136 to SearchRequest (7562f45b20)
2025-06-21 17:39:14 [DEBUG] Encrypting 1 message(s) in 88 bytes for sending
2025-06-21 17:39:14 [DEBUG] Encrypted messages put in a queue to be sent
2025-06-21 17:39:14 [DEBUG] Waiting for messages to send...
2025-06-21 17:39:14 [DEBUG] Assigned msg_id = 7518443136259581832 to MsgsAck (7562f45640)
2025-06-21 17:39:14 [DEBUG] Encrypting 1 message(s) in 92 bytes for sending
2025-06-21 17:39:14 [DEBUG] Encrypted messages put in a queue to be sent
2025-06-21 17:39:14 [DEBUG] Waiting for messages to send...
2025-06-21 17:39:14 [DEBUG] Handling update Updates
2025-06-21 17:39:14 [DEBUG] Receiving items from the network...
2025-06-21 17:39:14 [DEBUG] Handling container
2025-06-21 17:39:14 [DEBUG] Handling update Updates
2025-06-21 17:39:14 [DEBUG] Handling acknowledge for [7518443136242777136]
2025-06-21 17:39:14 [DEBUG] Receiving items from the network...
2025-06-21 17:39:14 [DEBUG] Handling container
2025-06-21 17:39:14 [DEBUG] Handling update Updates
2025-06-21 17:39:14 [DEBUG] Handling update Updates
2025-06-21 17:39:14 [DEBUG] Receiving items from the network...
2025-06-21 17:39:14 [DEBUG] Handling container
2025-06-21 17:39:14 [DEBUG] Handling update Updates
2025-06-21 17:39:14 [DEBUG] Handling update Updates
2025-06-21 17:39:14 [DEBUG] Receiving items from the network...
2025-06-21 17:39:14 [DEBUG] Handling update Updates
2025-06-21 17:39:14 [DEBUG] Receiving items from the network...
2025-06-21 17:39:14 [DEBUG] Handling RPC result for message 7518443136242777136
2025-06-21 17:39:14 [DEBUG] Receiving items from the network...
2025-06-21 17:39:14 [INFO] Sending /start command
2025-06-21 17:39:14 [DEBUG] Assigned msg_id = 7518443137083139684 to SendMessageRequest (7562f5cbf0)
2025-06-21 17:39:14 [DEBUG] Encrypting 1 message(s) in 68 bytes for sending
2025-06-21 17:39:14 [DEBUG] Encrypted messages put in a queue to be sent
2025-06-21 17:39:14 [DEBUG] Waiting for messages to send...
2025-06-21 17:39:14 [DEBUG] Assigned msg_id = 7518443137096934584 to MsgsAck (7562f5c110)
2025-06-21 17:39:14 [DEBUG] Encrypting 1 message(s) in 124 bytes for sending
2025-06-21 17:39:14 [DEBUG] Encrypted messages put in a queue to be sent
2025-06-21 17:39:14 [DEBUG] Waiting for messages to send...
2025-06-21 17:39:15 [DEBUG] Handling RPC result for message 7518443137083139684
2025-06-21 17:39:15 [DEBUG] Receiving items from the network...
2025-06-21 17:39:17 [DEBUG] Assigned msg_id = 7518443146711008224 to GetHistoryRequest (7562f5cda0)
2025-06-21 17:39:17 [DEBUG] Encrypting 1 message(s) in 72 bytes for sending
2025-06-21 17:39:17 [DEBUG] Encrypted messages put in a queue to be sent
2025-06-21 17:39:17 [DEBUG] Waiting for messages to send...
2025-06-21 17:39:17 [DEBUG] Assigned msg_id = 7518443146732529792 to MsgsAck (7562f1be60)
2025-06-21 17:39:17 [DEBUG] Encrypting 1 message(s) in 36 bytes for sending
2025-06-21 17:39:17 [DEBUG] Encrypted messages put in a queue to be sent
2025-06-21 17:39:17 [DEBUG] Waiting for messages to send...
2025-06-21 17:39:17 [DEBUG] Handling gzipped data
2025-06-21 17:39:17 [DEBUG] Handling update Updates
2025-06-21 17:39:17 [DEBUG] Receiving items from the network...
2025-06-21 17:39:17 [DEBUG] Handling gzipped data
2025-06-21 17:39:17 [DEBUG] Handling update Updates
2025-06-21 17:39:17 [DEBUG] Receiving items from the network...
2025-06-21 17:39:17 [DEBUG] Handling RPC result for message 7518443146711008224
2025-06-21 17:39:17 [DEBUG] Receiving items from the network...
2025-06-21 17:39:17 [DEBUG] Found welcome message
2025-06-21 17:39:17 [DEBUG] Looking for button related to: 'go to task'
2025-06-21 17:39:17 [DEBUG] Button 'Go to Task Bot ->' similarity score: 0.74
2025-06-21 17:39:17 [DEBUG] Button 'Buy $vankedisi' similarity score: 0.25
2025-06-21 17:39:17 [DEBUG] Button 'Website' similarity score: 0.12
2025-06-21 17:39:17 [DEBUG] Button 'Sohbet Kanalı TR' similarity score: 0.23
2025-06-21 17:39:17 [DEBUG] Button 'Chat Channel ENG' similarity score: 0.08
2025-06-21 17:39:17 [DEBUG] Button 'Twitter' similarity score: 0.24
2025-06-21 17:39:17 [DEBUG] Button 'Instagram' similarity score: 0.21
2025-06-21 17:39:17 [DEBUG] Button '🌐 Change language' similarity score: 0.15
2025-06-21 17:39:17 [INFO] Clicking button 'Go to Task Bot ->' (score: 0.74) at position (0, 0)
2025-06-21 17:39:17 [DEBUG] Assigned msg_id = 7518443147513736880 to GetBotCallbackAnswerRequest (7562f5cf50)
2025-06-21 17:39:17 [DEBUG] Encrypting 1 message(s) in 64 bytes for sending
2025-06-21 17:39:17 [DEBUG] Encrypted messages put in a queue to be sent
2025-06-21 17:39:17 [DEBUG] Waiting for messages to send...
2025-06-21 17:39:17 [DEBUG] Assigned msg_id = 7518443147527994308 to MsgsAck (7562f5ca10)
2025-06-21 17:39:17 [DEBUG] Encrypting 1 message(s) in 52 bytes for sending
2025-06-21 17:39:17 [DEBUG] Encrypted messages put in a queue to be sent
2025-06-21 17:39:17 [DEBUG] Waiting for messages to send...
2025-06-21 17:39:20 [DEBUG] Handling acknowledge for [7518443147513736880]
2025-06-21 17:39:20 [DEBUG] Receiving items from the network...
2025-06-21 17:39:20 [DEBUG] Handling update Updates
2025-06-21 17:39:20 [DEBUG] Receiving items from the network...
2025-06-21 17:39:20 [DEBUG] Handling gzipped data
2025-06-21 17:39:20 [DEBUG] Handling update Updates
2025-06-21 17:39:20 [DEBUG] Receiving items from the network...
2025-06-21 17:39:32 [DEBUG] Handling container
2025-06-21 17:39:32 [DEBUG] Handling RPC result for message 7518443147513736880
2025-06-21 17:39:32 [DEBUG] Handling update Updates
2025-06-21 17:39:32 [DEBUG] Handling update Updates
2025-06-21 17:39:32 [DEBUG] Receiving items from the network...
2025-06-21 17:39:32 [DEBUG] Assigned msg_id = 7518443212667935916 to MsgsAck (7562f5cc50)
2025-06-21 17:39:32 [DEBUG] Encrypting 1 message(s) in 36 bytes for sending
2025-06-21 17:39:32 [DEBUG] Encrypted messages put in a queue to be sent
2025-06-21 17:39:32 [DEBUG] Waiting for messages to send...
2025-06-21 17:39:32 [DEBUG] Assigned msg_id = 7518443212683522768 to MsgsAck (7562f5c950)
2025-06-21 17:39:32 [DEBUG] Encrypting 1 message(s) in 84 bytes for sending
2025-06-21 17:39:32 [INFO] Clicked 'Go to Task Bot' button
2025-06-21 17:39:32 [DEBUG] Encrypted messages put in a queue to be sent
2025-06-21 17:39:32 [DEBUG] Waiting for messages to send...
2025-06-21 17:39:32 [DEBUG] Handling update Updates
2025-06-21 17:39:32 [DEBUG] Receiving items from the network...
2025-06-21 17:39:32 [DEBUG] Handling update Updates
2025-06-21 17:39:32 [DEBUG] Receiving items from the network...
2025-06-21 17:39:33 [DEBUG] Timeout waiting for updates expired
2025-06-21 17:39:34 [DEBUG] Assigned msg_id = 7518443221298562836 to GetHistoryRequest (7562f5ef60)
2025-06-21 17:39:34 [DEBUG] Encrypting 1 message(s) in 72 bytes for sending
2025-06-21 17:39:34 [DEBUG] Encrypted messages put in a queue to be sent
2025-06-21 17:39:34 [DEBUG] Waiting for messages to send...
2025-06-21 17:39:34 [DEBUG] Assigned msg_id = 7518443221310834720 to MsgsAck (7562f5fd40)
2025-06-21 17:39:34 [DEBUG] Encrypting 1 message(s) in 44 bytes for sending
2025-06-21 17:39:34 [DEBUG] Encrypted messages put in a queue to be sent
2025-06-21 17:39:34 [DEBUG] Waiting for messages to send...
2025-06-21 17:39:34 [DEBUG] Handling acknowledge for [7518443221298562836]
2025-06-21 17:39:34 [DEBUG] Receiving items from the network...
2025-06-21 17:39:34 [DEBUG] Handling update Updates
2025-06-21 17:39:34 [DEBUG] Receiving items from the network...
2025-06-21 17:39:34 [DEBUG] Handling RPC result for message 7518443221298562836
2025-06-21 17:39:34 [DEBUG] Receiving items from the network...
2025-06-21 17:39:34 [DEBUG] Found task panel
2025-06-21 17:39:34 [DEBUG] Looking for button related to: 'tasks'
2025-06-21 17:39:34 [DEBUG] Button '🎯 Tasks' similarity score: 0.83
2025-06-21 17:39:34 [DEBUG] Button '🎖️ Special Tasks' similarity score: 0.48
2025-06-21 17:39:34 [DEBUG] Button '💰 My Wallet' similarity score: 0.12
2025-06-21 17:39:34 [DEBUG] Button '👤 My Profile' similarity score: 0.00
2025-06-21 17:39:34 [DEBUG] Button 'Live Support' similarity score: 0.12
2025-06-21 17:39:34 [DEBUG] Button 'Tutorial' similarity score: 0.31
2025-06-21 17:39:34 [DEBUG] Button 'Main Menu' similarity score: 0.14
2025-06-21 17:39:34 [DEBUG] Button 'Back' similarity score: 0.44
2025-06-21 17:39:34 [INFO] Clicking button '🎯 Tasks' (score: 0.83) at position (0, 0)
2025-06-21 17:39:34 [DEBUG] Assigned msg_id = 7518443222142806840 to GetBotCallbackAnswerRequest (7562f5cb60)
2025-06-21 17:39:34 [DEBUG] Encrypting 1 message(s) in 68 bytes for sending
2025-06-21 17:39:34 [DEBUG] Encrypted messages put in a queue to be sent
2025-06-21 17:39:34 [DEBUG] Waiting for messages to send...
2025-06-21 17:39:34 [DEBUG] Assigned msg_id = 7518443222160805536 to MsgsAck (7562f46bd0)
2025-06-21 17:39:34 [DEBUG] Encrypting 1 message(s) in 52 bytes for sending
2025-06-21 17:39:34 [DEBUG] Encrypted messages put in a queue to be sent
2025-06-21 17:39:34 [DEBUG] Waiting for messages to send...
2025-06-21 17:39:35 [DEBUG] Handling container
2025-06-21 17:39:35 [DEBUG] Handling gzipped data
2025-06-21 17:39:35 [DEBUG] Handling update Updates
2025-06-21 17:39:35 [DEBUG] Handling acknowledge for [7518443222142806840]
2025-06-21 17:39:35 [DEBUG] Receiving items from the network...
2025-06-21 17:39:42 [INFO] Disconnecting from 149.154.167.92:443/TcpFull...
2025-06-21 17:39:42 [DEBUG] Closing current connection...
2025-06-21 17:39:42 [DEBUG] Cancelling 1 pending message(s)...
2025-06-21 17:39:42 [INFO] Disconnection from 149.154.167.92:443/TcpFull complete!
2025-06-21 17:39:42 [INFO] Client disconnected
2025-06-21 17:39:42 [INFO] Bot stopped by user
